C51 COMPILER V9.59.0.0   BSP_LED                                                           03/28/2024 21:58:58 PAGE 1   


C51 COMPILER V9.59.0.0, COMPILATION OF MODULE BSP_LED
OBJECT MODULE PLACED IN ..\Output\bsp_Led.obj
COMPILER INVOKED BY: D:\Keil_v5\C51\BIN\C51.EXE ..\Apps\bsp_Led.c LARGE OMF2 OPTIMIZE(0,SIZE) BROWSE INTVECTOR(0X1000) I
                    -NCDIR(..\FWLib\SC95F_Lib\inc;..\User;..\IOT_DRIVER\XIAOMI;..\Drivers;..\Drivers\TKDriver\C;..\List\..\Apps;..\Apps) DEFI
                    -NE(SC95F8x1xB) DEBUG PRINT(..\List\bsp_Led.lst) TABS(2) OBJECT(..\Output\bsp_Led.obj)

line level    source

   1          #include "..\Apps\bsp_Led.h"
   2          #include "..\Apps\includeall.h"
   3          
   4          
   5          void RedLed(u8 x)
   6          {
   7   1        
   8   1      }
*** WARNING C280 IN LINE 5 OF ..\Apps\bsp_Led.c: 'x': unreferenced local variable
   9          
  10          void LED_sCan(void)
  11          { 
  12   1        if(gbFlagData[3].all ==0 )
  13   1        {
  14   2          Chanel_IO1 = 0;
  15   2          Chanel_IO2 = 0;
  16   2          
  17   2          return;
  18   2        }
  19   1        led1_io = 1;
  20   1        led2_io = 1;
  21   1        led3_io = 1;
  22   1        led4_io = 1;
  23   1        if(LedChangeFlag)
  24   1        {
  25   2          LedChangeFlag = 0;
  26   2          Chanel_IO1 = 1;
  27   2          Chanel_IO2 = 0;
  28   2          if(LED1_L)
  29   2          {
  30   3            led1_io = 0;
  31   3          }
  32   2          
  33   2          if(LED2_L)
  34   2          {
  35   3            led2_io = 0;
  36   3          }
  37   2      
  38   2          if(LED3_L)
  39   2          {
  40   3            led3_io = 0;
  41   3          }
  42   2          
  43   2          if(LED4_L)
  44   2          {
  45   3            led4_io = 0;
  46   3          }
  47   2        }
  48   1        else
  49   1        {
  50   2          LedChangeFlag = 1;
  51   2      
  52   2          Chanel_IO1 = 0;
C51 COMPILER V9.59.0.0   BSP_LED                                                           03/28/2024 21:58:58 PAGE 2   

  53   2          Chanel_IO2 = 1;
  54   2          
  55   2        
  56   2          if(LED1_R)
  57   2          {
  58   3            led1_io = 0;
  59   3          }
  60   2          if(LED2_R)
  61   2          {
  62   3            led2_io = 0;
  63   3          }
  64   2          
  65   2           if(LED3_R)
  66   2          {
  67   3            led3_io = 0;
  68   3          }
  69   2          
  70   2           if(LED4_R)
  71   2          {
  72   3            led4_io = 0;
  73   3          }
  74   2        } 
  75   1      }
  76          
  77            
  78          void LED_Process(void)
  79          {
  80   1      
  81   1        
  82   1      //  if(SysRunFlag)
  83   1        //  return;
  84   1        
  85   1        if(BlueLedFlag)
  86   1        {
  87   2          Blueled_io = 1;
  88   2        }
  89   1        else
  90   1        {
  91   2          Blueled_io = 0;
  92   2        }
  93   1        
  94   1        if(RedLedtFlag)
  95   1        {
  96   2          Redled_io = 1;
  97   2        }
  98   1        else
  99   1        {
 100   2          Redled_io = 0;
 101   2        }
 102   1          
 103   1      }


MODULE INFORMATION:   STATIC OVERLAYABLE
   CODE SIZE        =    195    ----
   CONSTANT SIZE    =   ----    ----
   XDATA SIZE       =      1    ----
   PDATA SIZE       =   ----    ----
   DATA SIZE        =   ----    ----
   IDATA SIZE       =   ----    ----
   BIT SIZE         =   ----    ----
   EDATA SIZE       =   ----    ----
C51 COMPILER V9.59.0.0   BSP_LED                                                           03/28/2024 21:58:58 PAGE 3   

   HDATA SIZE       =   ----    ----
   XDATA CONST SIZE =   ----    ----
   FAR CONST SIZE   =   ----    ----
END OF MODULE INFORMATION.


C51 COMPILATION COMPLETE.  1 WARNING(S),  0 ERROR(S)
