C51 COMPILER V9.59.0.0   CALLBACKFUNCTION                                                  04/08/2024 15:30:27 PAGE 1   


C51 COMPILER V9.59.0.0, COMPILATION OF MODULE CALLBACKFUNCTION
OBJECT MODULE PLACED IN ..\Output\CallBackFunction.obj
COMPILER INVOKED BY: D:\Keil_v5\C51\BIN\C51.EXE ..\User\CallBackFunction.c LARGE OMF2 OPTIMIZE(0,SIZE) BROWSE INTVECTOR(
                    -0X1000) INCDIR(..\FWLib\SC95F_Lib\inc;..\User;..\IOT_DRIVER\XIAOMI;..\Drivers;..\Drivers\TKDriver\C;..\List\..\Apps;..\A
                    -pps) DEFINE(SC95F8x1xB) DEBUG PRINT(..\List\CallBackFunction.lst) TABS(2) OBJECT(..\Output\CallBackFunction.obj)

line level    source

   1          //***************************************************************************************************
   2          //    CopyRight  (c)  
   3          //    File Name   :   CallBackFunction.c
   4          //    Function    :   Write the logic you want to implement in the function body
   5          //    Version     :   V3.0
   6          //    Date        :   2022.07.14
   7          //***************************************************************************************************
   8          #include "SC_Init.h"
   9          #include "SC_it.h"
  10          #include "..\Drivers\SCDriver_list.h"
  11          #include "HeadFiles\SysFunVarDefine.h"
  12          /**************************************Generated by EasyCodeCube*************************************/
  13          //Forbid editing areas between the labels !!!
  14          void Customer_BTM_Dispose()
  15          {
  16   1      /*<UserCodeStart>*//*<SinOne-Tag><881>*/
  17   1      /*<UserCodeEnd>*//*<SinOne-Tag><881>*/
  18   1      }
  19          void Customer_IntoLowPowerMode_Init()
  20          {
  21   1      /*<UserCodeStart>*//*<SinOne-Tag><882>*/
  22   1      /*<UserCodeEnd>*//*<SinOne-Tag><882>*/
  23   1      }
  24          void Customer_QuitLowPowerMode_Init()
  25          {
  26   1      /*<UserCodeStart>*//*<SinOne-Tag><883>*/
  27   1      /*<UserCodeEnd>*//*<SinOne-Tag><883>*/
  28   1      }
  29          /*************************************.Generated by EasyCodeCube.************************************/


MODULE INFORMATION:   STATIC OVERLAYABLE
   CODE SIZE        =      3    ----
   CONSTANT SIZE    =   ----    ----
   XDATA SIZE       =   ----    ----
   PDATA SIZE       =   ----    ----
   DATA SIZE        =   ----    ----
   IDATA SIZE       =   ----    ----
   BIT SIZE         =   ----    ----
   EDATA SIZE       =   ----    ----
   HDATA SIZE       =   ----    ----
   XDATA CONST SIZE =   ----    ----
   FAR CONST SIZE   =   ----    ----
END OF MODULE INFORMATION.


C51 COMPILATION COMPLETE.  0 WARNING(S),  0 ERROR(S)
