C51 COMPILER V9.59.0.0   COMPCTRLDEFINE                                                    03/27/2024 19:21:14 PAGE 1   


C51 COMPILER V9.59.0.0, COMPILATION OF MODULE COMPCTRLDEFINE
OBJECT MODULE PLACED IN ..\Output\CompCtrlDefine.obj
COMPILER INVOKED BY: D:\Keil_v5\C51\BIN\C51.EXE ..\User\CompCtrlDefine.c LARGE OMF2 OPTIMIZE(0,SIZE) BROWSE INTVECTOR(0X
                    -1000) INCDIR(..\FWLib\SC95F_Lib\inc;..\User;..\IOT_DRIVER\XIAOMI;..\Drivers;..\Drivers\TKDriver\C;..\List\..\Apps;..\App
                    -s) DEFINE(SC95F8x1xB) DEBUG PRINT(..\List\CompCtrlDefine.lst) TABS(2) OBJECT(..\Output\CompCtrlDefine.obj)

line level    source

   1          //**********************************************************************
   2          //    CopyRight  (c)  
   3          //    File Name   :   CompCtrlDefine.C
   4          //    Function    :   Store composite control define
   5          //    Version     :   V3.2.0
   6          //    Date        :   2022.02.16
   7          ///*********************************************************************
   8          #include "SC_Init.h"
   9          #include "SC_it.h"
  10          #include "..\Drivers\SCDriver_list.h"
  11          #include "HeadFiles\SysFunVarDefine.h"
  12          /**************************************Generated by EasyCodeCube*************************************/
  13          //Forbid editing areas between the labels !!!
  14          void IcResourceInit()
  15          {
  16   1          
  17   1          /*<UserCodeStart>*//*<SinOne-Tag><37>*/
  18   1              SC_Init(); /***MCU init***/
  19   1              
  20   1          /*<UserCodeEnd>*//*<SinOne-Tag><37>*/
  21   1          
  22   1      }
  23          
  24          /*************************************.Generated by EasyCodeCube.************************************/


MODULE INFORMATION:   STATIC OVERLAYABLE
   CODE SIZE        =      4    ----
   CONSTANT SIZE    =   ----    ----
   XDATA SIZE       =   ----    ----
   PDATA SIZE       =   ----    ----
   DATA SIZE        =   ----    ----
   IDATA SIZE       =   ----    ----
   BIT SIZE         =   ----    ----
   EDATA SIZE       =   ----    ----
   HDATA SIZE       =   ----    ----
   XDATA CONST SIZE =   ----    ----
   FAR CONST SIZE   =   ----    ----
END OF MODULE INFORMATION.


C51 COMPILATION COMPLETE.  0 WARNING(S),  0 ERROR(S)
