C51 COMPILER V9.59.0.0   FUNCTAB                                                           04/03/2024 18:39:19 PAGE 1   


C51 COMPILER V9.59.0.0, COMPILATION OF MODULE FUNCTAB
OBJECT MODULE PLACED IN ..\Output\FuncTab.obj
COMPILER INVOKED BY: D:\Keil_v5\C51\BIN\C51.EXE ..\Apps\FuncTab.c LARGE OMF2 OPTIMIZE(0,SIZE) BROWSE INTVECTOR(0X1000) I
                    -NCDIR(..\FWLib\SC95F_Lib\inc;..\User;..\IOT_DRIVER\XIAOMI;..\Drivers;..\Drivers\TKDriver\C;..\List\..\Apps;..\Apps) DEFI
                    -NE(SC95F8x1xB) DEBUG PRINT(..\List\FuncTab.lst) TABS(2) OBJECT(..\Output\FuncTab.obj)

line level    source

   1          #include "FuncTab.h"
   2          
   3          
   4          
   5          
   6          const volatile STSetVaue  ImageTemprertureTab[] = 
   7          {
   8             {0xe1, 0},
   9             {0xe2, 15},
  10             {0xe3, 38},
  11             {0xe4, 55},
  12             {0xe5, 2},
  13             {0xe6, 0},
  14             {0xe7, -7},
  15             {0xe8, -7},
  16             {0xe9, -7},
  17             {0xea, 5},//表示 EH
  18             {0xeb, 1}, //表示 Eb
  19             {0xec, 3}, //表示 软件版本号
  20          };
  21          
  22          volatile STSetVaue  TemprertureTab[] = 
  23          {
  24             {0xe1, 0},
  25             {0xe2, 15},
  26             {0xe3, 38},
  27             {0xe4, 55},
  28             {0xe5, 2},
  29             {0xe6, 0},
  30             {0xe7, -7},
  31             {0xe8, -7},
  32             {0xe9, -7},
  33             {0xea, 5},//表示 EH
  34             {0xeb, 1}, //表示 Eb
  35             {0xec, 3}, //表示 软件版本号
  36          };
  37          
  38          
  39           //u8 dgg[2];
  40          
  41          
  42          
  43          
  44          
  45          
  46          
  47          
  48          
  49          


MODULE INFORMATION:   STATIC OVERLAYABLE
   CODE SIZE        =   ----    ----
C51 COMPILER V9.59.0.0   FUNCTAB                                                           04/03/2024 18:39:19 PAGE 2   

   CONSTANT SIZE    =   ----    ----
   XDATA SIZE       =     48    ----
   PDATA SIZE       =   ----    ----
   DATA SIZE        =   ----    ----
   IDATA SIZE       =   ----    ----
   BIT SIZE         =   ----    ----
   EDATA SIZE       =   ----    ----
   HDATA SIZE       =   ----    ----
   XDATA CONST SIZE =   ----    ----
   FAR CONST SIZE   =   ----    ----
END OF MODULE INFORMATION.


C51 COMPILATION COMPLETE.  0 WARNING(S),  0 ERROR(S)
