C51 COMPILER V9.59.0.0   SC95F_IAP                                                         03/21/2024 20:54:13 PAGE 1   
C51 COMPILER V9.59.0.0, COMPILATION OF MODULE SC95F_IAP
OBJECT MODULE PLACED IN D:\tfxu\Project\AM901_0308\APP\Keil_C\Project\..\Output\sc95f_iap.obj
COMPILER INVOKED BY: D:\Keil_v5\C51\bin\C51.exe ..\FWLib\SC95F_Lib\src\sc95f_iap.c OMF2 INTVECTOR(0X2800) DEFINE(SC95F8x
                    -1xB) LARGE INCDIR(D:\tfxu\Project\AM901_0308\APP\Keil_C\Project\..\FWLib\SC95F_Lib\inc;D:\tfxu\Project\AM901_0308\APP\Ke
                    -il_C\Project\..\User;D:\tfxu\Project\AM901_0308\APP\Keil_C\Project\..\IOT_DRIVER\XIAOMI;D:\tfxu\Project\AM901_0308\APP\K
                    -eil_C\Project\..\Drivers;D:\tfxu\Project\AM901_0308\APP\Keil_C\Project\..\Drivers\TKDriver\C;D:\tfxu\Project\AM901_0308\
                    -APP\Keil_C\Project\..\List\..\Apps;D:\tfxu\Project\AM901_0308\APP\Keil_C\Project\..\Apps) BROWSE DEBUG OBJECTEXTEND OPTI
                    -MIZE(8,SIZE) CODE NOCOND SYMBOLS LISTINCLUDE PRINT(D:\tfxu\Project\AM901_0308\APP\Keil_C\Project\..\List\sc95f_iap.lst) 
                    -OBJECT(D:\tfxu\Project\AM901_0308\APP\Keil_C\Project\..\Output\sc95f_iap.obj)
line level    source
   1          
   2          
   3          
   4          
   5          
   6          
   7          
   8          
   9          
  10          #include "sc95f_iap.h"
   1      =1  
   2      =1  
   3      =1  
   4      =1  
   5      =1  
   6      =1  
   7      =1  
   8      =1  
   9      =1  
  10      =1  
  11      =1  #ifndef _sc95f_IAP_H_
  12      =1  #define _sc95f_IAP_H_
  13      =1  
  14      =1  #include "sc95f.h"
   1      =2  
   2      =2  
   3      =2  
   4      =2  
   5      =2  
   6      =2  
   7      =2  
   8      =2  
   9      =2  
  10      =2  
  11      =2  #ifndef _sc95f_H
  12      =2  #define _sc95f_H
  13      =2  
  14      =2  #ifdef SC95F8x1x
  17      =2  #ifdef SC95F7x1x
  20      =2  #ifdef SC95F8x2x 
  23      =2  #ifdef SC95F7x2x
  26      =2  #ifdef SC95FWxx
  29      =2  #ifdef SC95F8x3x
  32      =2  #ifdef SC95F7x3x
  35      =2  #ifdef SC95F8x6x
  38      =2  #ifdef SC95F7x6x
  41      =2  #ifdef SC95F8x1xB
  42      =2    #include "SC95F8x1xB_C.H"
   1      =3  
  11      =3  #ifndef _SC95F861xB_H_
  12      =3  #define _SC95F861xB_H_
  13      =3  
  14      =3  
  15      =3  
  16      =3  sfr   SP    = 0X81;  
  17      =3  sfr   DPL   = 0X82;  
  18      =3  sfr   DPH   = 0X83;  
  19      =3  sfr   DPL1  = 0X84;  
  20      =3  sfr   DPH1  = 0X85;  
  21      =3  sfr   DPS   = 0X86;  
  22      =3  sfr   PSW   = 0XD0;  
  23      =3  sfr   ACC   = 0XE0;  
  24      =3  sfr   EXA0  = 0XE9;  
  25      =3  sfr   EXA1  = 0XEA;  
  26      =3  sfr   EXA2  = 0XEB;  
  27      =3  sfr   EXA3  = 0XEC;  
  28      =3  sfr   EXBL  = 0XED;  
  29      =3  sfr   EXBH  = 0XEE;  
  30      =3  sfr   B     = 0XF0;  
  31      =3  
  32      =3  
  33      =3  sfr   EXADH = 0XF7;  
  34      =3  
  35      =3  
  36      =3  sfr   ROMBNK = 0XDF;  
  37      =3  
  38      =3  
  39      =3  sfr   PCON = 0X87;  
  40      =3  
  41      =3  
  42      =3  sfr   IE  = 0XA8;  
  43      =3  sfr   IE1 = 0XA9;  
  44      =3  sfr   IE2 = 0XAA;  
  45      =3  sfr   IP  = 0XB8;  
  46      =3  sfr   IP1 = 0XB9;  
  47      =3  sfr   IP2 = 0XBA;  
  48      =3  
  49      =3  
  50      =3  sfr   P0      = 0X80;  
  51      =3  sfr   P1      = 0X90;  
  52      =3  sfr       P1CON   = 0X91;  
  53      =3  sfr   P1PH        = 0X92;  
  54      =3  sfr   DDRCON  = 0X93;  
  55      =3  sfr   P1VO    = 0X94;  
  56      =3  sfr   IOHCON0 = 0X96;  
  57      =3  sfr   IOHCON1 = 0X97;  
  58      =3  sfr       P0CON   = 0X9A;  
  59      =3  sfr       P0PH    = 0X9B;  
  60      =3  sfr   P0VO    = 0X9C;  
  61      =3  sfr   P2      = 0XA0;  
  62      =3  sfr       P2CON   = 0XA1;  
  63      =3  sfr   P2PH        = 0XA2;  
  64      =3  sfr   P2VO    = 0XA3;  
  65      =3  sfr   P3      = 0XB0;  
  66      =3  sfr   P3CON   = 0XB1;  
  67      =3  sfr   P3PH    = 0XB2;  
  68      =3  sfr   P3VO    = 0XB3;  
  69      =3  sfr   P4      = 0XC0;  
  70      =3  sfr   P4CON   = 0XC1;  
  71      =3  sfr   P4PH    = 0XC2;  
  72      =3  sfr   P5      = 0XD8;  
  73      =3  sfr   P5CON   = 0XD9;  
  74      =3  sfr   P5PH    = 0XDA;  
  75      =3  
  76      =3  
  77      =3  sfr   CMPCFG  = 0XB6;  
  78      =3  sfr   CMPCON  = 0XB7;  
  79      =3  
  80      =3         
  81      =3  sfr   TCON   = 0X88;  
  82      =3  sfr   TMOD   = 0X89;  
  83      =3  sfr   TL0    = 0X8A;  
  84      =3  sfr   TL1    = 0X8B;  
  85      =3  sfr   TH0    = 0X8C;  
  86      =3  sfr   TH1    = 0X8D;  
  87      =3  sfr   TMCON  = 0X8E;  
  88      =3  sfr   TXCON  = 0XC8;  
  89      =3  sfr   TXMOD  = 0XC9;  
  90      =3  sfr   RCAPXL = 0XCA;  
  91      =3  sfr   RCAPXH = 0XCB;  
  92      =3  sfr   TLX    = 0XCC;  
  93      =3  sfr   THX    = 0XCD;  
  94      =3  sfr   TXINX  = 0XCE;  
  95      =3  
  96      =3  
  97      =3  sfr       ADCCFG0 = 0XAB;  
  98      =3  sfr       ADCCFG1 = 0XAC;  
  99      =3  sfr   ADCCON  = 0XAD;  
 100      =3  sfr   ADCVL   = 0XAE;  
 101      =3  sfr   ADCVH   = 0XAF;  
 102      =3  sfr   ADCCFG2 = 0XB5;  
 103      =3  
 104      =3  
 105      =3  sfr   PWMCFG  = 0XD1;  
 106      =3  sfr   PWMCON0 = 0XD2;  
 107      =3  sfr   PWMCON1 = 0XD3;  
 108      =3  sfr   PWMPDL  = 0XD4;  
 109      =3  sfr   PWMPDH  = 0XD5;  
 110      =3  sfr   PWMDFR  = 0XD6;  
 111      =3  sfr   PWMFLT  = 0XD7;  
 112      =3  
 113      =3  
 114      =3  sfr   WDTCON = 0XCF;  
 115      =3  
 116      =3  
 117      =3  sfr       BTMCON = 0XFB;  
 118      =3  
 119      =3  
 120      =3  sfr   INT0F = 0XB4;  
 121      =3  sfr   INT0R = 0XBB;  
 122      =3  sfr   INT1F = 0XBC;  
 123      =3  sfr   INT1R = 0XBD;  
 124      =3  sfr   INT2F = 0XBE;  
 125      =3  sfr   INT2R = 0XBF;  
 126      =3  
 127      =3  
 128      =3  sfr   IAPKEY = 0XF1;  
 129      =3  sfr   IAPADL = 0XF2;  
 130      =3  sfr   IAPADH = 0XF3;  
 131      =3  sfr   IAPADE = 0XF4;  
 132      =3  sfr   IAPDAT = 0XF5;  
 133      =3  sfr   IAPCTL = 0XF6;  
 134      =3  
 135      =3  
 136      =3  sfr   OTCON = 0X8F;  
 137      =3  sfr   SCON  = 0X98;  
 138      =3  sfr   SBUF  = 0X99;  
 139      =3  
 140      =3  
 141      =3  sfr   US0CON0 = 0X95;  
 142      =3  sfr   US0CON1 = 0X9D;  
 143      =3  sfr   US0CON2 = 0X9E;  
 144      =3  sfr   US0CON3 = 0X9F;  
 145      =3  sfr   US1CON0 = 0XA4;  
 146      =3  sfr   US1CON1 = 0XA5;  
 147      =3  sfr   US1CON2 = 0XA6;  
 148      =3  sfr   US1CON3 = 0XA7;  
 149      =3  sfr   USXCON0 = 0XC4;  
 150      =3  sfr   USXCON1 = 0XC5;  
 151      =3  sfr   USXCON2 = 0XC6;  
 152      =3  sfr   USXCON3 = 0XC7;  
 153      =3  sfr   USXINX  = 0XDC;  
 154      =3  
 155      =3  
 156      =3  
 157      =3  sfr   OPINX = 0XFE;  
 158      =3  sfr   OPREG = 0XFF;  
 159      =3  
 160      =3  
 161      =3  sfr   OPERCON = 0XEF;  
 162      =3  sfr   CRCINX  = 0XFC;  
 163      =3  sfr   CRCREG  = 0XFD;  
 164      =3  
 165      =3  
 166      =3  
 167      =3  
 168      =3  sbit  CY  = PSW^7;  
             -薪位，或者减法运算最高位有借位?
 169      =3  sbit  AC  = PSW^6;  
             -?
 170      =3  sbit  F0  = PSW^5;  
 171      =3  sbit  RS1 = PSW^4;  
 172      =3  sbit  RS0 = PSW^3;  
 173      =3  sbit  OV  = PSW^2;  
 174      =3  sbit  F1  = PSW^1;  
 175      =3  sbit  P   = PSW^0;  
 176      =3  
 177      =3  
 178      =3  sbit  TFX   = TXCON^7;  
 179      =3  sbit  EXFX  = TXCON^6;  
 180      =3  sbit  RCLKX = TXCON^5;  
 181      =3  sbit  TCLKX = TXCON^4;  
 182      =3  sbit  EXENX = TXCON^3;  
 183      =3  sbit  TRX   = TXCON^2;  
 184      =3  sbit  TX    = TXCON^1;  
 185      =3  sbit  CP    = TXCON^0;  
 186      =3  
 187      =3  
 188      =3  sbit  IPADC  = IP^6;  
             -热ㄊ?“高”
 189      =3  sbit  IPT2   = IP^5;  
             -嫌畔热ㄊ?“高”
 190      =3  sbit  IPUART = IP^4;  
             -先权是 “高”
 191      =3  sbit  IPT1   = IP^3;  
             -嫌畔热ㄊ?“高”
 192      =3  sbit  IPINT1 = IP^2;  
             -先权是 “高”
 193      =3  sbit  IPT0   = IP^1;  
             -嫌畔热ㄊ?“高”
 194      =3  sbit  IPINT0 = IP^0;  
             -高
 195      =3  
 196      =3  
 197      =3  sbit  EA    = IE^7;  
 198      =3  sbit  EADC  = IE^6;  
 199      =3  sbit  ET2   = IE^5;  
 200      =3  sbit  EUART = IE^4;  
 201      =3  sbit  ET1   = IE^3;  
 202      =3  sbit  EINT1 = IE^2;  
 203      =3  sbit  ET0   = IE^1;  
 204      =3  sbit  EINT0 = IE^0;  
 205      =3  
 206      =3  
 207      =3  sbit  TF1 = TCON^7;  
             -保硬件清?”。
 208      =3  sbit  TR1 = TCON^6;  
 209      =3  sbit  TF0 = TCON^5;  
             -保硬件清?”。
 210      =3  sbit  TR0 = TCON^4;  
 211      =3  
 212      =3  
 213      =3  sbit  SM0 = SCON^7;  
             -双工异步通信 11: 模式3，11位全双工异步通信
 214      =3  sbit  SM1 = SCON^6;  
 215      =3  sbit  SM2 = SCON^5;  
             -锨肭?  1：收到一个完整的数据帧时，只有当RB8=1时才会置位RI产生中断请求
 216      =3  sbit  REN = SCON^4;  
 217      =3  sbit  TB8 = SCON^3;  
 218      =3  sbit  RB8 = SCON^2;  
 219      =3  sbit  TI  = SCON^1;  
 220      =3  sbit  RI  = SCON^0;  
 221      =3  
 222      =3  
 223      =3  
 230      =3  sbit  P07 = P0^7;
 231      =3  sbit  P06 = P0^6;
 232      =3  sbit  P05 = P0^5;
 233      =3  sbit  P04 = P0^4;
 234      =3  sbit  P03 = P0^3;
 235      =3  sbit  P02 = P0^2;
 236      =3  sbit  P01 = P0^1;
 237      =3  sbit  P00 = P0^0;
 238      =3  
 239      =3  
 240      =3  
 247      =3  sbit  P17 = P1^7;
 248      =3  sbit  P16 = P1^6;
 249      =3  sbit  P15 = P1^5;
 250      =3  sbit  P14 = P1^4;
 251      =3  sbit  P13 = P1^3;
 252      =3  sbit  P12 = P1^2;
 253      =3  sbit  P11 = P1^1;
 254      =3  sbit  P10 = P1^0;
 255      =3  
 256      =3  
 263      =3  sbit  P27 = P2^7;
 264      =3  sbit  P26 = P2^6;
 265      =3  sbit  P25 = P2^5;
 266      =3  sbit  P24 = P2^4;
 267      =3  sbit  P23 = P2^3;
 268      =3  sbit  P22 = P2^2;
 269      =3  sbit  P21 = P2^1;
 270      =3  sbit  P20 = P2^0;
 271      =3  
 272      =3  
 279      =3  sbit  P37 = P3^7;
 280      =3  sbit  P36 = P3^6;
 281      =3  sbit  P35 = P3^5;
 282      =3  sbit  P34 = P3^4;
 283      =3  sbit  P33 = P3^3;
 284      =3  sbit  P32 = P3^2;
 285      =3  sbit  P31 = P3^1;
 286      =3  sbit  P30 = P3^0;
 287      =3  
 288      =3  
 295      =3  sbit  P47 = P4^7;
 296      =3  sbit  P46 = P4^6;
 297      =3  sbit  P45 = P4^5;
 298      =3  sbit  P44 = P4^4;
 299      =3  sbit  P43 = P4^3;
 300      =3  sbit  P42 = P4^2;
 301      =3  sbit  P41 = P4^1;
 302      =3  sbit  P40 = P4^0;
 303      =3  
 304      =3  
 311      =3  sbit  P55 = P5^5;
 312      =3  sbit  P54 = P5^4;
 313      =3  sbit  P53 = P5^3;
 314      =3  sbit  P52 = P5^2;
 315      =3  sbit  P51 = P5^1;
 316      =3  sbit  P50 = P5^0;
 317      =3  
 318      =3                              
             -        
 323      =3  #define  SC95F8616B_NIO_Init()   {P4CON|=0xC0,P5CON|=0x30;}                                               
             -  
 324      =3  #define  SC95F8615B_NIO_Init()   {P0CON|=0x0F,P1CON|=0xF0,P3CON|=0xF0,P4CON|=0xC0,P5CON|=0xF0;}           
             -  
 325      =3  #define  SC95F8613B_NIO_Init()   {P0CON|=0x0F,P1CON|=0xF0,P3CON|=0xF0,P4CON|=0xC0,P5CON|=0xFF;}           
             -  
 326      =3  #define  SC95F8612B_NIO_Init()   {P0CON|=0x0F,P1CON|=0xF0,P2CON|=0XF0,P3CON|=0xF0,P4CON|=0xF0,P5CON|=0xFF;
             -} 
 327      =3  #endif
  43      =2  #endif
  44      =2  #ifdef SC95F7x1xB
  47      =2  #ifdef SC95R751
  50      =2  #ifdef SC95F7610B
  53      =2  #ifdef SC95F7619B
  56      =2  #ifdef SC95FS52x
  59      =2  #ifdef SC95R602
  62      =2  #ifdef SC95R605
  65      =2  #ifdef SC95F8x7x
  68      =2  #ifdef SC95F7x7x
  71      =2  #ifdef SC95R503
  74      =2  
  75      =2  #define enableInterrupts()    EA=1       
  76      =2  #define disableInterrupts()   EA=0       
  77      =2  
  78      =2  #define     __I     volatile const   
  79      =2  #define     __O     volatile         
  80      =2  #define     __IO    volatile         
  81      =2  
  82      =2  
  83      =2  typedef   signed char     int8_t;
  84      =2  typedef   signed short    int16_t;
  85      =2  typedef   signed long     int32_t;
  86      =2  
  87      =2  
  88      =2  typedef unsigned char     uint8_t;
  89      =2  typedef unsigned short    uint16_t;
  90      =2  typedef unsigned long     uint32_t;
  91      =2  
  92      =2  typedef int32_t  s32;
  93      =2  typedef int16_t  s16;
  94      =2  typedef int8_t   s8;
  95      =2  
  96      =2  typedef uint32_t  u32;
  97      =2  typedef uint16_t  u16;
  98      =2  typedef uint8_t   u8;
  99      =2  
 100      =2  
 101      =2  typedef enum {FALSE = 0, TRUE = !FALSE} bool;
 102      =2  
 103      =2  typedef enum {RESET = 0, SET = !RESET} FlagStatus, ITStatus, BitStatus;
 104      =2  
 105      =2  typedef enum {DISABLE = 0, ENABLE = !DISABLE} FunctionalState;
 106      =2  
 107      =2  typedef enum {ERROR = 0, SUCCESS = !ERROR} ErrorStatus;
 108      =2  
 109      =2  typedef enum 
 110      =2  {
 111      =2    Status_ERROR          = 0x00U,
 112      =2    Status_OK                     = 0x01U,
 113      =2    Status_BUSY           = 0x02U,
 114      =2    Status_TIMEOUT        = 0x03U
 115      =2  } StatusTypeDef;
 116      =2  
 117      =2  typedef enum {LOW = 0, HIGH = !LOW} PriorityStatus;
 118      =2  
 119      =2  #define SET_BIT(SFR,BIT)                                ((SFR) |= (BIT))
 120      =2  
 121      =2  #define CLEAR_BIT(SFR,BIT)                      ((SFR) &= ~(BIT))
 122      =2  
 123      =2  #define READ_BIT(SFR, BIT)      ((SFR) & (BIT))
 124      =2  
 125      =2  #define CLEAR_REG(SFR)          ((SFR) = (0x0))
 126      =2  
 127      =2  #define WRITE_REG(SFR, VAL)     ((SFR) = (VAL))
 128      =2  
 129      =2  #endif
  15      =1  #include "intrins.h"
   1      =2  
   8      =2  
   9      =2  #ifndef __INTRINS_H__
  10      =2  #define __INTRINS_H__
  11      =2  
  12      =2  #pragma SAVE
  13      =2  
  14      =2  #if defined (__CX2__)
  18      =2  
  19      =2  extern void          _nop_     (void);
  20      =2  extern bit           _testbit_ (bit);
  21      =2  extern unsigned char _cror_    (unsigned char, unsigned char);
  22      =2  extern unsigned int  _iror_    (unsigned int,  unsigned char);
  23      =2  extern unsigned long _lror_    (unsigned long, unsigned char);
  24      =2  extern unsigned char _crol_    (unsigned char, unsigned char);
  25      =2  extern unsigned int  _irol_    (unsigned int,  unsigned char);
  26      =2  extern unsigned long _lrol_    (unsigned long, unsigned char);
  27      =2  extern unsigned char _chkfloat_(float);
  28      =2  #if defined (__CX2__)
  32      =2  #if !defined (__CX2__)
  33      =2  extern void          _push_    (unsigned char _sfr);
  34      =2  extern void          _pop_     (unsigned char _sfr);
  35      =2  #endif
  36      =2  
  37      =2  #pragma RESTORE
  38      =2  
  39      =2  #endif
  40      =2  
  16      =1  
  17      =1  #if defined (SC95F8x3x) || defined (SC95F7x3x) || defined (SC95F8x6x) || defined (SC95F7x6x)  || defined (
             -SC95F8x1xB) || defined (SC95F7x1xB)\
  18      =1          || defined (SC95R751) || defined (SC95F7610B) || defined (SC95F7619B) || defined (SC95R602)  || defined (
             -SC95R605) || defined(SC95F8x7x) || defined(SC95F7x7x)\
  19      =1          || defined (SC95R503)
  20      =1  
  21      =1  typedef enum
  22      =1  {
  23      =1    IAP_MEMTYPE_ROM = (uint8_t)0x00, 
  24      =1    IAP_MEMTYPE_UID = (uint8_t)0x01, 
  25      =1    IAP_MEMTYPE_EEPROM = (uint8_t)0x02,   
  26      =1    IAP_MEMTYPE_LDROM = (uint8_t)0x03,    
  27      =1  } IAP_MemType_TypeDef;
  28      =1  #else
  36      =1  
  37      =1  
  38      =1  #if defined (SC95F8x3x) || defined (SC95F7x3x) || defined(SC95F8x7x) || defined(SC95F7x7x)|| defined(SC95R
             -503)
  45      =1  typedef enum
  46      =1  {
  47      =1    IAP_BTLDType_APPROM = (uint8_t)0x00, 
  48      =1    IAP_BTLDType_LDROM = (uint8_t)0x01,  
  49      =1  } IAP_BTLDType_TypeDef;
  50      =1  #endif
  51      =1  
  52      =1  void IAP_DeInit(void);
  53      =1  ErrorStatus IAP_ProgramByte(uint32_t Address, uint8_t Data, IAP_MemType_TypeDef IAP_MemType,
  54      =1                              uint8_t WriteTimeLimit);
  55      =1  uint8_t IAP_ProgramByteArray(uint32_t Address, uint8_t* ByteArray, uint8_t ArraySize, IAP_MemType_TypeDef 
             -IAP_MemType,
  56      =1                               uint8_t WriteTimeLimit);
  57      =1  uint8_t IAP_ReadByte(uint32_t Address, IAP_MemType_TypeDef IAP_MemType);
  58      =1  uint8_t IAP_ReadByteArray(uint32_t Address, uint8_t* ByteArray, uint8_t ArraySize, IAP_MemType_TypeDef IAP
             -_MemType);
  59      =1  void IAP_SectorErase(IAP_MemType_TypeDef IAP_MemType, uint32_t IAP_SectorEraseAddress,
  60      =1                       uint8_t WriteTimeLimit);
  61      =1  void IAP_BootLoaderControl(IAP_BTLDType_TypeDef IAP_BTLDType);
  62      =1  
  63      =1  #endif
  64      =1  
  65      =1  
  11          
  12          #if defined (SC95F8x6x) || defined (SC95F7x6x) || defined (SC95F8x1xB) || defined (SC95F7x1xB) || defined 
             -(SC95R751)\
  13                          || defined (SC95F7610B) || defined (SC95F7619B) || defined (SC95R602)  || defined (SC95R605)  || defined
             - (SC95F7x7x)\
  14                          || defined (SC95F8x7x)  || defined (SC95R503)
  15          
  16          #include "IAP_Option_EW.h"
   1      =1  
   2      =1  
   3      =1  
   4      =1  
   5      =1  
   6      =1  
   7      =1  
   8      =1  
   9      =1  
  10      =1  
  11      =1  
  12      =1  #ifndef _IAP_OPTION_EW_H_
  13      =1  #define _IAP_OPTION_EW_H_
  14      =1  
  15      =1  
  16      =1  
  25      =1  void IAP_CodeProgramByteOption(unsigned long Add,unsigned char Data);
  26      =1  
  27      =1  
  35      =1  void IAP_CodeSectorEraseOption(unsigned long Add);
  36      =1  
  37      =1  
  46      =1  void IAP_EEPROMProgramByteOption(unsigned int Add,unsigned char Data);
  47      =1  
  48      =1  
  56      =1  void IAP_EEPROMSectorEraseOption(unsigned int Add);
  57      =1  
  58      =1  #endif
  17          
  18          
  25          #define IAP_SectorEraseOption(Address,IAP_MemType) \
  26          do{\
  27          if(IAP_MemType == IAP_MEMTYPE_ROM)\
  28          {\
  29                  IAP_CodeSectorEraseOption(Address);\
  30          }\
  31          else if(IAP_MemType == IAP_MEMTYPE_EEPROM)\
  32          {\
  33                  IAP_EEPROMSectorEraseOption(Address);\
  34          }\
  35          }while(0);
  36          
  37          
  45          #define IAP_ProgramByteOption(Address,Data,IAP_MemType) \
  46          do{\
  47          if(IAP_MemType == IAP_MEMTYPE_ROM)\
  48          {\
  49                  IAP_CodeProgramByteOption(Address,Data);\
  50          }\
  51          else if(IAP_MemType == IAP_MEMTYPE_EEPROM)\
  52          {\
  53                  IAP_EEPROMProgramByteOption(Address,Data);\
  54          }\
  55          }while(0);
  56          
  57          #endif
  58          
  59          
  65          void IAP_DeInit(void)
  66          {
  67   1        IAPKEY = 0X00;
  68   1        IAPADL = 0X00;
  69   1        IAPADH = 0X00;
  70   1        IAPADE = 0X00;
  71   1        IAPDAT = 0X00;
  72   1        IAPCTL = 0X00;
  73   1      }
  74          
  75          #if defined(SC95F8x3x) || defined(SC95F7x3x) || defined (SC95F8x6x) || defined (SC95F7x6x) || defined (SC9
             -5R751)
 615          
 616          
 625          uint8_t IAP_ReadByte(uint32_t Address, IAP_MemType_TypeDef IAP_MemType)
 626          {
 627   1        uint8_t tmpbyte;
 628   1        BitStatus tmpbit;
 629   1              uint8_t tmpIAPADE;
 630   1              
 631   1              tmpIAPADE = IAPADE;
 632   1        tmpbit = (BitStatus)EA;
 633   1      
 634   1        if(tmpbit != RESET)
 635   1        {
 636   2          disableInterrupts();
 637   2        }
 638   1      
 639   1        IAPADE = IAP_MemType;
 640   1        tmpbyte = *((uint8_t code*)Address);
 641   1        IAPADE = tmpIAPADE;
 642   1      
 643   1        if(tmpbit != RESET)
 644   1        {
 645   2          enableInterrupts();
 646   2        }
 647   1      
 648   1        return tmpbyte;
 649   1      }
 650          
 651          
 662          uint8_t IAP_ReadByteArray(uint32_t Address, uint8_t* ByteArray, uint8_t ArraySize, IAP_MemType_TypeDef IAP
             -_MemType)
 663          {
 664   1        uint8_t tmpCnt;
 665   1        BitStatus tmpbit;
 666   1              uint8_t tmpIAPADE;
 667   1              
 668   1              tmpIAPADE = IAPADE;
 669   1        tmpbit = (BitStatus)EA;
 670   1      
 671   1        if(tmpbit != RESET)
 672   1        {
 673   2          disableInterrupts();
 674   2        }
 675   1      
 676   1        IAPADE = IAP_MemType;
 677   1      
 678   1        tmpCnt = 0;
 679   1        do
 680   1        {
 681   2          ByteArray[tmpCnt] = *((uint8_t code*)Address);
 682   2          Address++;
 683   2        }
 684   1        while(++tmpCnt < ArraySize);
 685   1      
 686   1        IAPADE = tmpIAPADE;
 687   1        if(tmpbit != RESET)
 688   1        {
 689   2          enableInterrupts();
 690   2        }
 691   1      
 692   1        return tmpCnt;
 693   1      }
 694          
 695          #if defined (SC95F8x1xB) || defined (SC95F7x1xB) || defined (SC95F7610B) || defined (SC95F7619B) || define
             -d (SC95R602) || defined (SC95R605)\
 696              || defined (SC95F7x7x) || defined (SC95F8x7x)|| defined (SC95R503)
 697          
 708          ErrorStatus IAP_ProgramByte(uint32_t Address, uint8_t Data, IAP_MemType_TypeDef IAP_MemType,
 709                                      uint8_t WriteTimeLimit)
 710          {
 711   1        uint8_t tmpData;
 712   1              uint8_t tmpIAPADE;
 713   1              BitStatus tmpbit;
 714   1                      
 715   1      
 716   1      
 717   1      
 718   1      
 719   1      
 720   1              
 721   1      
 722   1      
 723   1      
 724   1      
 725   1      
 726   1      
 727   1      
 728   1      
 729   1              tmpIAPADE = IAPADE;
 730   1              tmpbit = (BitStatus)EA;
 731   1      
 732   1        if(tmpbit != RESET)
 733   1        {
 734   2          disableInterrupts();
 735   2        }
 736   1              
 737   1        WriteTimeLimit = 0x00;        
 738   1        IAP_ProgramByteOption(Address, Data, IAP_MemType);
 739   1        tmpData = IAP_ReadByte(Address, IAP_MemType);
 740   1       
 741   1              
 742   1      
 743   1      
 744   1      
 745   1      
 746   1              IAPADE = tmpIAPADE;
 747   1              if(tmpbit != RESET)
 748   1        {
 749   2          enableInterrupts();
 750   2        }
 751   1              
 752   1        if(tmpData != Data)
 753   1          return ERROR;
 754   1        else
 755   1          return SUCCESS;
 756   1      }
 757          
 758          
 770          uint8_t IAP_ProgramByteArray(uint32_t Address, uint8_t* ByteArray, uint8_t ArraySize, IAP_MemType_TypeDef 
             -IAP_MemType,
 771                                       uint8_t WriteTimeLimit)
 772          {
 773   1              uint8_t tmpIAPADE;
 774   1              BitStatus tmpbit;
 775   1        uint8_t tmpCnt ;
 776   1        uint8_t tmpData;
 777   1        uint32_t tmpAddress;
 778   1       
 779   1      
 780   1      
 781   1      
 782   1      
 783   1      
 784   1              
 785   1      
 786   1      
 787   1      
 788   1      
 789   1      
 790   1      
 791   1      
 792   1      
 793   1              
 794   1              tmpIAPADE = IAPADE;
 795   1              tmpbit = (BitStatus)EA;
 796   1      
 797   1        if(tmpbit != RESET)
 798   1        {
 799   2          disableInterrupts();
 800   2        }
 801   1              
 802   1        WriteTimeLimit = 0x00;        
 803   1        tmpCnt = 0;
 804   1        do
 805   1        {
 806   2          tmpAddress = Address + tmpCnt;
 807   2          IAP_ProgramByteOption(tmpAddress, ByteArray[tmpCnt], IAP_MemType);
 808   2          tmpData = IAP_ReadByte(tmpAddress, IAP_MemType);
 809   2          if(tmpData != ByteArray[tmpCnt])
 810   2            break;
 811   2        }
 812   1        while(++tmpCnt < ArraySize);
 813   1                      
 814   1              
 815   1              
 816   1      
 817   1      
 818   1      
 819   1      
 820   1              
 821   1              
 822   1              IAPADE = tmpIAPADE;
 823   1              if(tmpbit != RESET)
 824   1        {
 825   2          enableInterrupts();
 826   2        }
 827   1        return tmpCnt;
 828   1      }
 829          
 830          
 840          void IAP_SectorErase(IAP_MemType_TypeDef IAP_MemType, uint32_t IAP_SectorEraseAddress,
 841                               uint8_t WriteTimeLimit)
 842          {
 843   1        WriteTimeLimit = 0x00;        
 844   1                      
 845   1      
 846   1      
 847   1      
 848   1      
 849   1      
 850   1              
 851   1      
 852   1      
 853   1      
 854   1      
 855   1      
 856   1      
 857   1      
 858   1      
 859   1              
 860   1        IAP_SectorEraseOption(IAP_SectorEraseAddress, IAP_MemType);
 861   1              
 862   1              
 863   1      
 864   1      
 865   1      
 866   1      
 867   1      }
 868          #else
1065          
1066          #endif
1067          
1068          
1075          void IAP_BootLoaderControl(IAP_BTLDType_TypeDef IAP_BTLDType)
1076          {
1077   1        IAPCTL = (IAPCTL & 0xFB) | IAP_BTLDType;
1078   1      }
1079          
1080          
ASSEMBLY LISTING OF GENERATED OBJECT CODE
             ; FUNCTION IAP_DeInit (BEGIN)
                                           ; SOURCE LINE # 65
                                           ; SOURCE LINE # 66
                                           ; SOURCE LINE # 67
0000 E4                CLR     A
0001 F5F1              MOV     IAPKEY,A
                                           ; SOURCE LINE # 68
0003 F5F2              MOV     IAPADL,A
                                           ; SOURCE LINE # 69
0005 F5F3              MOV     IAPADH,A
                                           ; SOURCE LINE # 70
0007 F5F4              MOV     IAPADE,A
                                           ; SOURCE LINE # 71
0009 F5F5              MOV     IAPDAT,A
                                           ; SOURCE LINE # 72
000B F5F6              MOV     IAPCTL,A
                                           ; SOURCE LINE # 73
000D 22                RET     
             ; FUNCTION IAP_DeInit (END)
             ; FUNCTION _IAP_ReadByte (BEGIN)
                                           ; SOURCE LINE # 625
0000 900000      R     MOV     DPTR,#Address
0003 120000      E     LCALL   ?C?LSTXDATA
                                           ; SOURCE LINE # 626
                                           ; SOURCE LINE # 631
;---- Variable 'tmpIAPADE' assigned to Register 'R3' ----
0006 ABF4              MOV     R3,IAPADE
                                           ; SOURCE LINE # 632
0008 A2AF              MOV     C,EA
000A E4                CLR     A
000B 33                RLC     A
;---- Variable 'tmpbit' assigned to Register 'R2' ----
000C FA                MOV     R2,A
                                           ; SOURCE LINE # 634
000D 6002              JZ      ?C0002
                                           ; SOURCE LINE # 635
                                           ; SOURCE LINE # 636
000F C2AF              CLR     EA
                                           ; SOURCE LINE # 637
0011         ?C0002:
                                           ; SOURCE LINE # 639
0011 900000      R     MOV     DPTR,#IAP_MemType
0014 E0                MOVX    A,@DPTR
0015 F5F4              MOV     IAPADE,A
                                           ; SOURCE LINE # 640
0017 900000      R     MOV     DPTR,#Address
001A 120000      E     LCALL   ?C?LLDXDATA
001D 8F82              MOV     DPL,R7
001F 8E83              MOV     DPH,R6
0021 E4                CLR     A
0022 93                MOVC    A,@A+DPTR
0023 FF                MOV     R7,A
;---- Variable 'tmpbyte' assigned to Register 'R7' ----
                                           ; SOURCE LINE # 641
0024 AE03              MOV     R6,AR3
0026 8EF4              MOV     IAPADE,R6
                                           ; SOURCE LINE # 643
0028 AE02              MOV     R6,AR2
002A EA                MOV     A,R2
002B 6002              JZ      ?C0003
                                           ; SOURCE LINE # 644
                                           ; SOURCE LINE # 645
002D D2AF              SETB    EA
                                           ; SOURCE LINE # 646
002F         ?C0003:
                                           ; SOURCE LINE # 648
                                           ; SOURCE LINE # 649
002F 22                RET     
             ; FUNCTION _IAP_ReadByte (END)
             ; FUNCTION _IAP_ReadByteArray (BEGIN)
                                           ; SOURCE LINE # 662
0000 900000      R     MOV     DPTR,#Address
0003 120000      E     LCALL   ?C?LSTXDATA
0006 900000      R     MOV     DPTR,#ByteArray
0009 120000      E     LCALL   ?C?PSTXDATA
                                           ; SOURCE LINE # 663
                                           ; SOURCE LINE # 668
000C 900000      R     MOV     DPTR,#tmpIAPADE
000F E5F4              MOV     A,IAPADE
0011 F0                MOVX    @DPTR,A
                                           ; SOURCE LINE # 669
0012 A2AF              MOV     C,EA
0014 E4                CLR     A
0015 33                RLC     A
0016 900000      R     MOV     DPTR,#tmpbit
0019 F0                MOVX    @DPTR,A
                                           ; SOURCE LINE # 671
001A E0                MOVX    A,@DPTR
001B 6002              JZ      ?C0005
                                           ; SOURCE LINE # 672
                                           ; SOURCE LINE # 673
001D C2AF              CLR     EA
                                           ; SOURCE LINE # 674
001F         ?C0005:
                                           ; SOURCE LINE # 676
001F 900000      R     MOV     DPTR,#IAP_MemType
0022 E0                MOVX    A,@DPTR
0023 F5F4              MOV     IAPADE,A
                                           ; SOURCE LINE # 678
0025 E4                CLR     A
0026 A3                INC     DPTR
0027 F0                MOVX    @DPTR,A
0028         ?C0008:
                                           ; SOURCE LINE # 680
                                           ; SOURCE LINE # 681
0028 900000      R     MOV     DPTR,#Address
002B 120000      E     LCALL   ?C?LLDXDATA
002E 8F82              MOV     DPL,R7
0030 8E83              MOV     DPH,R6
0032 E4                CLR     A
0033 93                MOVC    A,@A+DPTR
0034 FF                MOV     R7,A
0035 900000      R     MOV     DPTR,#ByteArray
0038 120000      E     LCALL   ?C?PLDXDATA
003B 900000      R     MOV     DPTR,#tmpCnt
003E E0                MOVX    A,@DPTR
003F F582              MOV     DPL,A
0041 758300            MOV     DPH,#00H
0044 EF                MOV     A,R7
0045 120000      E     LCALL   ?C?CSTOPTR
                                           ; SOURCE LINE # 682
0048 900000      R     MOV     DPTR,#Address
004B 120000      E     LCALL   ?C?LLDXDATA
004E EF                MOV     A,R7
004F 2401              ADD     A,#01H
0051 FF                MOV     R7,A
0052 E4                CLR     A
0053 3E                ADDC    A,R6
0054 FE                MOV     R6,A
0055 E4                CLR     A
0056 3D                ADDC    A,R5
0057 FD                MOV     R5,A
0058 E4                CLR     A
0059 3C                ADDC    A,R4
005A FC                MOV     R4,A
005B 900000      R     MOV     DPTR,#Address
005E 120000      E     LCALL   ?C?LSTXDATA
                                           ; SOURCE LINE # 683
                                           ; SOURCE LINE # 684
0061 900000      R     MOV     DPTR,#ArraySize
0064 E0                MOVX    A,@DPTR
0065 FF                MOV     R7,A
0066 900000      R     MOV     DPTR,#tmpCnt
0069 E0                MOVX    A,@DPTR
006A 04                INC     A
006B F0                MOVX    @DPTR,A
006C C3                CLR     C
006D 9F                SUBB    A,R7
006E 40B8              JC      ?C0008
                                           ; SOURCE LINE # 686
0070 900000      R     MOV     DPTR,#tmpIAPADE
0073 E0                MOVX    A,@DPTR
0074 F5F4              MOV     IAPADE,A
                                           ; SOURCE LINE # 687
0076 900000      R     MOV     DPTR,#tmpbit
0079 E0                MOVX    A,@DPTR
007A 6002              JZ      ?C0009
                                           ; SOURCE LINE # 688
                                           ; SOURCE LINE # 689
007C D2AF              SETB    EA
                                           ; SOURCE LINE # 690
007E         ?C0009:
                                           ; SOURCE LINE # 692
007E 900000      R     MOV     DPTR,#tmpCnt
0081 E0                MOVX    A,@DPTR
0082 FF                MOV     R7,A
                                           ; SOURCE LINE # 693
0083 22                RET     
             ; FUNCTION _IAP_ReadByteArray (END)
             ; FUNCTION _IAP_ProgramByte (BEGIN)
                                           ; SOURCE LINE # 708
0000 900000      R     MOV     DPTR,#Address
0003 120000      E     LCALL   ?C?LSTXDATA
                                           ; SOURCE LINE # 710
                                           ; SOURCE LINE # 729
0006 900000      R     MOV     DPTR,#tmpIAPADE
0009 E5F4              MOV     A,IAPADE
000B F0                MOVX    @DPTR,A
                                           ; SOURCE LINE # 730
000C A2AF              MOV     C,EA
000E E4                CLR     A
000F 33                RLC     A
0010 A3                INC     DPTR
0011 F0                MOVX    @DPTR,A
                                           ; SOURCE LINE # 732
0012 E0                MOVX    A,@DPTR
0013 6002              JZ      ?C0011
                                           ; SOURCE LINE # 733
                                           ; SOURCE LINE # 734
0015 C2AF              CLR     EA
                                           ; SOURCE LINE # 735
0017         ?C0011:
                                           ; SOURCE LINE # 737
0017 E4                CLR     A
0018 900000      R     MOV     DPTR,#WriteTimeLimit
001B F0                MOVX    @DPTR,A
                                           ; SOURCE LINE # 738
001C 900000      R     MOV     DPTR,#IAP_MemType
001F E0                MOVX    A,@DPTR
0020 7013              JNZ     ?C0015
0022 900000      R     MOV     DPTR,#Address
0025 120000      E     LCALL   ?C?LLDXDATA
0028 900000      R     MOV     DPTR,#Data
002B E0                MOVX    A,@DPTR
002C 900000      E     MOV     DPTR,#?_IAP_CodeProgramByteOption?BYTE+04H
002F F0                MOVX    @DPTR,A
0030 120000      E     LCALL   _IAP_CodeProgramByteOption
0033 8016              SJMP    ?C0013
0035         ?C0015:
0035 900000      R     MOV     DPTR,#IAP_MemType
0038 E0                MOVX    A,@DPTR
0039 6402              XRL     A,#02H
003B 700E              JNZ     ?C0013
003D 900000      R     MOV     DPTR,#Address
0040 120000      E     LCALL   ?C?LLDXDATA
0043 900000      R     MOV     DPTR,#Data
0046 E0                MOVX    A,@DPTR
0047 FD                MOV     R5,A
0048 120000      E     LCALL   _IAP_EEPROMProgramByteOption
004B         ?C0013:
                                           ; SOURCE LINE # 739
004B 900000      R     MOV     DPTR,#Address
004E 120000      E     LCALL   ?C?LLDXDATA
0051 900000      R     MOV     DPTR,#IAP_MemType
0054 E0                MOVX    A,@DPTR
0055 900000      R     MOV     DPTR,#?_IAP_ReadByte?BYTE+04H
0058 F0                MOVX    @DPTR,A
0059 120000      R     LCALL   _IAP_ReadByte
;---- Variable 'tmpData' assigned to Register 'R7' ----
                                           ; SOURCE LINE # 746
005C 900000      R     MOV     DPTR,#tmpIAPADE
005F E0                MOVX    A,@DPTR
0060 F5F4              MOV     IAPADE,A
                                           ; SOURCE LINE # 747
0062 A3                INC     DPTR
0063 E0                MOVX    A,@DPTR
0064 6002              JZ      ?C0018
                                           ; SOURCE LINE # 748
                                           ; SOURCE LINE # 749
0066 D2AF              SETB    EA
                                           ; SOURCE LINE # 750
0068         ?C0018:
                                           ; SOURCE LINE # 752
0068 900000      R     MOV     DPTR,#Data
006B E0                MOVX    A,@DPTR
006C 6F                XRL     A,R7
006D 7F01              MOV     R7,#01H
006F 6002              JZ      ?C0019
                                           ; SOURCE LINE # 753
0071 7F00              MOV     R7,#00H
0073         ?C0019:
                                           ; SOURCE LINE # 755
                                           ; SOURCE LINE # 756
0073         ?C0020:
0073 22                RET     
             ; FUNCTION _IAP_ProgramByte (END)
             ; FUNCTION _IAP_ProgramByteArray (BEGIN)
                                           ; SOURCE LINE # 770
0000 900000      R     MOV     DPTR,#Address
0003 120000      E     LCALL   ?C?LSTXDATA
0006 900000      R     MOV     DPTR,#ByteArray
0009 120000      E     LCALL   ?C?PSTXDATA
                                           ; SOURCE LINE # 772
                                           ; SOURCE LINE # 794
000C 900000      R     MOV     DPTR,#tmpIAPADE
000F E5F4              MOV     A,IAPADE
0011 F0                MOVX    @DPTR,A
                                           ; SOURCE LINE # 795
0012 A2AF              MOV     C,EA
0014 E4                CLR     A
0015 33                RLC     A
0016 A3                INC     DPTR
0017 F0                MOVX    @DPTR,A
                                           ; SOURCE LINE # 797
0018 E0                MOVX    A,@DPTR
0019 6002              JZ      ?C0022
                                           ; SOURCE LINE # 798
                                           ; SOURCE LINE # 799
001B C2AF              CLR     EA
                                           ; SOURCE LINE # 800
001D         ?C0022:
                                           ; SOURCE LINE # 802
001D E4                CLR     A
001E 900000      R     MOV     DPTR,#WriteTimeLimit
0021 F0                MOVX    @DPTR,A
                                           ; SOURCE LINE # 803
0022 900000      R     MOV     DPTR,#tmpCnt
0025 F0                MOVX    @DPTR,A
0026         ?C0025:
                                           ; SOURCE LINE # 805
                                           ; SOURCE LINE # 806
0026 900000      R     MOV     DPTR,#tmpCnt
0029 E0                MOVX    A,@DPTR
002A FF                MOV     R7,A
002B E4                CLR     A
002C FC                MOV     R4,A
002D FD                MOV     R5,A
002E FE                MOV     R6,A
002F 900000      R     MOV     DPTR,#Address
0032 120000      E     LCALL   ?C?LLDXDATA0
0035 120000      E     LCALL   ?C?LADD
0038 900000      R     MOV     DPTR,#tmpAddress
003B 120000      E     LCALL   ?C?LSTXDATA
                                           ; SOURCE LINE # 807
003E 900000      R     MOV     DPTR,#IAP_MemType
0041 E0                MOVX    A,@DPTR
0042 7021              JNZ     ?C0029
0044 900000      R     MOV     DPTR,#ByteArray
0047 120000      E     LCALL   ?C?PLDXDATA
004A 900000      R     MOV     DPTR,#tmpCnt
004D E0                MOVX    A,@DPTR
004E F582              MOV     DPL,A
0050 758300            MOV     DPH,#00H
0053 120000      E     LCALL   ?C?CLDOPTR
0056 900000      E     MOV     DPTR,#?_IAP_CodeProgramByteOption?BYTE+04H
0059 F0                MOVX    @DPTR,A
005A 900000      R     MOV     DPTR,#tmpAddress
005D 120000      E     LCALL   ?C?LLDXDATA
0060 120000      E     LCALL   _IAP_CodeProgramByteOption
0063 8024              SJMP    ?C0027
0065         ?C0029:
0065 900000      R     MOV     DPTR,#IAP_MemType
0068 E0                MOVX    A,@DPTR
0069 6402              XRL     A,#02H
006B 701C              JNZ     ?C0027
006D 900000      R     MOV     DPTR,#tmpAddress
0070 120000      E     LCALL   ?C?LLDXDATA
0073 900000      R     MOV     DPTR,#ByteArray
0076 120000      E     LCALL   ?C?PLDXDATA
0079 900000      R     MOV     DPTR,#tmpCnt
007C E0                MOVX    A,@DPTR
007D F582              MOV     DPL,A
007F 758300            MOV     DPH,#00H
0082 120000      E     LCALL   ?C?CLDOPTR
0085 FD                MOV     R5,A
0086 120000      E     LCALL   _IAP_EEPROMProgramByteOption
0089         ?C0027:
                                           ; SOURCE LINE # 808
0089 900000      R     MOV     DPTR,#tmpAddress
008C 120000      E     LCALL   ?C?LLDXDATA
008F 900000      R     MOV     DPTR,#IAP_MemType
0092 E0                MOVX    A,@DPTR
0093 900000      R     MOV     DPTR,#?_IAP_ReadByte?BYTE+04H
0096 F0                MOVX    @DPTR,A
0097 120000      R     LCALL   _IAP_ReadByte
;---- Variable 'tmpData' assigned to Register 'R7' ----
                                           ; SOURCE LINE # 809
009A 900000      R     MOV     DPTR,#ByteArray
009D 120000      E     LCALL   ?C?PLDXDATA
00A0 900000      R     MOV     DPTR,#tmpCnt
00A3 E0                MOVX    A,@DPTR
00A4 F582              MOV     DPL,A
00A6 758300            MOV     DPH,#00H
00A9 120000      E     LCALL   ?C?CLDOPTR
00AC B50712            CJNE    A,AR7,?C0024
                                           ; SOURCE LINE # 810
                                           ; SOURCE LINE # 811
                                           ; SOURCE LINE # 812
00AF 900000      R     MOV     DPTR,#ArraySize
00B2 E0                MOVX    A,@DPTR
00B3 FF                MOV     R7,A
00B4 900000      R     MOV     DPTR,#tmpCnt
00B7 E0                MOVX    A,@DPTR
00B8 04                INC     A
00B9 F0                MOVX    @DPTR,A
00BA C3                CLR     C
00BB 9F                SUBB    A,R7
00BC 5003              JNC     $ + 5H
00BE 020000      R     LJMP    ?C0025
00C1         ?C0024:
                                           ; SOURCE LINE # 822
00C1 900000      R     MOV     DPTR,#tmpIAPADE
00C4 E0                MOVX    A,@DPTR
00C5 F5F4              MOV     IAPADE,A
                                           ; SOURCE LINE # 823
00C7 A3                INC     DPTR
00C8 E0                MOVX    A,@DPTR
00C9 6002              JZ      ?C0033
                                           ; SOURCE LINE # 824
                                           ; SOURCE LINE # 825
00CB D2AF              SETB    EA
                                           ; SOURCE LINE # 826
00CD         ?C0033:
                                           ; SOURCE LINE # 827
00CD 900000      R     MOV     DPTR,#tmpCnt
00D0 E0                MOVX    A,@DPTR
00D1 FF                MOV     R7,A
                                           ; SOURCE LINE # 828
00D2 22                RET     
             ; FUNCTION _IAP_ProgramByteArray (END)
             ; FUNCTION _IAP_SectorErase (BEGIN)
                                           ; SOURCE LINE # 840
0000 900000      R     MOV     DPTR,#IAP_MemType
0003 EF                MOV     A,R7
0004 F0                MOVX    @DPTR,A
                                           ; SOURCE LINE # 842
                                           ; SOURCE LINE # 843
0005 E4                CLR     A
0006 900000      R     MOV     DPTR,#WriteTimeLimit
0009 F0                MOVX    @DPTR,A
                                           ; SOURCE LINE # 860
000A EF                MOV     A,R7
000B 7009              JNZ     ?C0038
000D 900000      R     MOV     DPTR,#IAP_SectorEraseAddress
0010 120000      E     LCALL   ?C?LLDXDATA
0013 020000      E     LJMP    _IAP_CodeSectorEraseOption
0016         ?C0038:
0016 900000      R     MOV     DPTR,#IAP_MemType
0019 E0                MOVX    A,@DPTR
001A 6402              XRL     A,#02H
001C 7007              JNZ     ?C0041
001E A3                INC     DPTR
001F 120000      E     LCALL   ?C?LLDXDATA
0022 120000      E     LCALL   _IAP_EEPROMSectorEraseOption
                                           ; SOURCE LINE # 867
0025         ?C0041:
0025 22                RET     
             ; FUNCTION _IAP_SectorErase (END)
             ; FUNCTION _IAP_BootLoaderControl (BEGIN)
                                           ; SOURCE LINE # 1075
;---- Variable 'IAP_BTLDType' assigned to Register 'R7' ----
                                           ; SOURCE LINE # 1076
                                           ; SOURCE LINE # 1077
0000 E5F6              MOV     A,IAPCTL
0002 54FB              ANL     A,#0FBH
0004 4F                ORL     A,R7
0005 F5F6              MOV     IAPCTL,A
                                           ; SOURCE LINE # 1078
0007 22                RET     
             ; FUNCTION _IAP_BootLoaderControl (END)
NAME                                    CLASS   MSPACE  TYPE    OFFSET  SIZE
uint16_t . . . . . . . . . . . . . . .  TYPEDEF  -----  U_INT    -----  2
TRX. . . . . . . . . . . . . . . . . .  ABSBIT   -----  BIT      00CAH  1
OPREG. . . . . . . . . . . . . . . . .  SFR      DATA   U_CHAR   00FFH  1
P0 . . . . . . . . . . . . . . . . . .  SFR      DATA   U_CHAR   0080H  1
P1 . . . . . . . . . . . . . . . . . .  SFR      DATA   U_CHAR   0090H  1
P2 . . . . . . . . . . . . . . . . . .  SFR      DATA   U_CHAR   00A0H  1
Status_OK. . . . . . . . . . . . . . .  E_CONST  -----  U_CHAR   -----  1
EUART. . . . . . . . . . . . . . . . .  ABSBIT   -----  BIT      00ACH  1
TMCON. . . . . . . . . . . . . . . . .  SFR      DATA   U_CHAR   008EH  1
P3 . . . . . . . . . . . . . . . . . .  SFR      DATA   U_CHAR   00B0H  1
AC . . . . . . . . . . . . . . . . . .  ABSBIT   -----  BIT      00D6H  1
P4 . . . . . . . . . . . . . . . . . .  SFR      DATA   U_CHAR   00C0H  1
FlagStatus . . . . . . . . . . . . . .  TYPEDEF  -----  U_CHAR   -----  1
RESET. . . . . . . . . . . . . . . . .  E_CONST  -----  U_CHAR   -----  1
OTCON. . . . . . . . . . . . . . . . .  SFR      DATA   U_CHAR   008FH  1
P5 . . . . . . . . . . . . . . . . . .  SFR      DATA   U_CHAR   00D8H  1
EA . . . . . . . . . . . . . . . . . .  ABSBIT   -----  BIT      00AFH  1
RCLKX. . . . . . . . . . . . . . . . .  ABSBIT   -----  BIT      00CDH  1
int32_t. . . . . . . . . . . . . . . .  TYPEDEF  -----  LONG     -----  4
PWMCON0. . . . . . . . . . . . . . . .  SFR      DATA   U_CHAR   00D2H  1
TCLKX. . . . . . . . . . . . . . . . .  ABSBIT   -----  BIT      00CCH  1
PWMCON1. . . . . . . . . . . . . . . .  SFR      DATA   U_CHAR   00D3H  1
int16_t. . . . . . . . . . . . . . . .  TYPEDEF  -----  INT      -----  2
EXENX. . . . . . . . . . . . . . . . .  ABSBIT   -----  BIT      00CBH  1
IAP_MEMTYPE_EEPROM . . . . . . . . . .  E_CONST  -----  U_CHAR   -----  1
ERROR. . . . . . . . . . . . . . . . .  E_CONST  -----  U_CHAR   -----  1
EADC . . . . . . . . . . . . . . . . .  ABSBIT   -----  BIT      00AEH  1
TXMOD. . . . . . . . . . . . . . . . .  SFR      DATA   U_CHAR   00C9H  1
TXCON. . . . . . . . . . . . . . . . .  SFR      DATA   U_CHAR   00C8H  1
IE . . . . . . . . . . . . . . . . . .  SFR      DATA   U_CHAR   00A8H  1
DPH1 . . . . . . . . . . . . . . . . .  SFR      DATA   U_CHAR   0085H  1
EXA0 . . . . . . . . . . . . . . . . .  SFR      DATA   U_CHAR   00E9H  1
OPINX. . . . . . . . . . . . . . . . .  SFR      DATA   U_CHAR   00FEH  1
EXA1 . . . . . . . . . . . . . . . . .  SFR      DATA   U_CHAR   00EAH  1
EXA2 . . . . . . . . . . . . . . . . .  SFR      DATA   U_CHAR   00EBH  1
EXA3 . . . . . . . . . . . . . . . . .  SFR      DATA   U_CHAR   00ECH  1
DPL1 . . . . . . . . . . . . . . . . .  SFR      DATA   U_CHAR   0084H  1
Status_TIMEOUT . . . . . . . . . . . .  E_CONST  -----  U_CHAR   -----  1
CP . . . . . . . . . . . . . . . . . .  ABSBIT   -----  BIT      00C8H  1
USXCON0. . . . . . . . . . . . . . . .  SFR      DATA   U_CHAR   00C4H  1
_IAP_BootLoaderControl . . . . . . . .  PUBLIC   CODE   PROC     0000H  -----
  IAP_BTLDType . . . . . . . . . . . .  * REG *  DATA   U_CHAR   0007H  1
USXCON1. . . . . . . . . . . . . . . .  SFR      DATA   U_CHAR   00C5H  1
USXCON2. . . . . . . . . . . . . . . .  SFR      DATA   U_CHAR   00C6H  1
ErrorStatus. . . . . . . . . . . . . .  TYPEDEF  -----  U_CHAR   -----  1
USXCON3. . . . . . . . . . . . . . . .  SFR      DATA   U_CHAR   00C7H  1
IAP_MemType_TypeDef. . . . . . . . . .  TYPEDEF  -----  U_CHAR   -----  1
OPERCON. . . . . . . . . . . . . . . .  SFR      DATA   U_CHAR   00EFH  1
P0PH . . . . . . . . . . . . . . . . .  SFR      DATA   U_CHAR   009BH  1
IP . . . . . . . . . . . . . . . . . .  SFR      DATA   U_CHAR   00B8H  1
P1PH . . . . . . . . . . . . . . . . .  SFR      DATA   U_CHAR   0092H  1
RI . . . . . . . . . . . . . . . . . .  ABSBIT   -----  BIT      0098H  1
P2PH . . . . . . . . . . . . . . . . .  SFR      DATA   U_CHAR   00A2H  1
SUCCESS. . . . . . . . . . . . . . . .  E_CONST  -----  U_CHAR   -----  1
CY . . . . . . . . . . . . . . . . . .  ABSBIT   -----  BIT      00D7H  1
P3PH . . . . . . . . . . . . . . . . .  SFR      DATA   U_CHAR   00B2H  1
TI . . . . . . . . . . . . . . . . . .  ABSBIT   -----  BIT      0099H  1
NAME                                    CLASS   MSPACE  TYPE    OFFSET  SIZE
TXINX. . . . . . . . . . . . . . . . .  SFR      DATA   U_CHAR   00CEH  1
P4PH . . . . . . . . . . . . . . . . .  SFR      DATA   U_CHAR   00C2H  1
IAP_BTLDType_TypeDef . . . . . . . . .  TYPEDEF  -----  U_CHAR   -----  1
IPT0 . . . . . . . . . . . . . . . . .  ABSBIT   -----  BIT      00B9H  1
P5PH . . . . . . . . . . . . . . . . .  SFR      DATA   U_CHAR   00DAH  1
_IAP_CodeSectorEraseOption . . . . . .  EXTERN   CODE   PROC     -----  -----
FunctionalState. . . . . . . . . . . .  TYPEDEF  -----  U_CHAR   -----  1
IPT1 . . . . . . . . . . . . . . . . .  ABSBIT   -----  BIT      00BBH  1
IPT2 . . . . . . . . . . . . . . . . .  ABSBIT   -----  BIT      00BDH  1
HIGH . . . . . . . . . . . . . . . . .  E_CONST  -----  U_CHAR   -----  1
_IAP_SectorErase . . . . . . . . . . .  PUBLIC   CODE   PROC     0000H  -----
  IAP_MemType. . . . . . . . . . . . .  AUTO     XDATA  U_CHAR   0000H  1
  IAP_SectorEraseAddress . . . . . . .  AUTO     XDATA  U_LONG   0001H  4
  WriteTimeLimit . . . . . . . . . . .  AUTO     XDATA  U_CHAR   0005H  1
IAP_MEMTYPE_UID. . . . . . . . . . . .  E_CONST  -----  U_CHAR   -----  1
SP . . . . . . . . . . . . . . . . . .  SFR      DATA   U_CHAR   0081H  1
OV . . . . . . . . . . . . . . . . . .  ABSBIT   -----  BIT      00D2H  1
ITStatus . . . . . . . . . . . . . . .  TYPEDEF  -----  U_CHAR   -----  1
IAPADE . . . . . . . . . . . . . . . .  SFR      DATA   U_CHAR   00F4H  1
P0VO . . . . . . . . . . . . . . . . .  SFR      DATA   U_CHAR   009CH  1
P1VO . . . . . . . . . . . . . . . . .  SFR      DATA   U_CHAR   0094H  1
P2VO . . . . . . . . . . . . . . . . .  SFR      DATA   U_CHAR   00A3H  1
EXBH . . . . . . . . . . . . . . . . .  SFR      DATA   U_CHAR   00EEH  1
ENABLE . . . . . . . . . . . . . . . .  E_CONST  -----  U_CHAR   -----  1
BitStatus. . . . . . . . . . . . . . .  TYPEDEF  -----  U_CHAR   -----  1
IAPADH . . . . . . . . . . . . . . . .  SFR      DATA   U_CHAR   00F3H  1
P3VO . . . . . . . . . . . . . . . . .  SFR      DATA   U_CHAR   00B3H  1
ADCCON . . . . . . . . . . . . . . . .  SFR      DATA   U_CHAR   00ADH  1
_IAP_CodeProgramByteOption . . . . . .  EXTERN   CODE   PROC     -----  -----
s8 . . . . . . . . . . . . . . . . . .  TYPEDEF  -----  CHAR     -----  1
TX . . . . . . . . . . . . . . . . . .  ABSBIT   -----  BIT      00C9H  1
EXBL . . . . . . . . . . . . . . . . .  SFR      DATA   U_CHAR   00EDH  1
Status_BUSY. . . . . . . . . . . . . .  E_CONST  -----  U_CHAR   -----  1
u8 . . . . . . . . . . . . . . . . . .  TYPEDEF  -----  U_CHAR   -----  1
IAPADL . . . . . . . . . . . . . . . .  SFR      DATA   U_CHAR   00F2H  1
bool . . . . . . . . . . . . . . . . .  TYPEDEF  -----  U_CHAR   -----  1
_IAP_ProgramByte . . . . . . . . . . .  PUBLIC   CODE   PROC     0000H  -----
  Address. . . . . . . . . . . . . . .  AUTO     XDATA  U_LONG   0000H  4
  Data . . . . . . . . . . . . . . . .  AUTO     XDATA  U_CHAR   0004H  1
  IAP_MemType. . . . . . . . . . . . .  AUTO     XDATA  U_CHAR   0005H  1
  WriteTimeLimit . . . . . . . . . . .  AUTO     XDATA  U_CHAR   0006H  1
  tmpData. . . . . . . . . . . . . . .  * REG *  DATA   U_CHAR   0007H  1
  tmpIAPADE. . . . . . . . . . . . . .  AUTO     XDATA  U_CHAR   0007H  1
  tmpbit . . . . . . . . . . . . . . .  AUTO     XDATA  U_CHAR   0008H  1
IAP_MEMTYPE_ROM. . . . . . . . . . . .  E_CONST  -----  U_CHAR   -----  1
P00. . . . . . . . . . . . . . . . . .  ABSBIT   -----  BIT      0080H  1
P10. . . . . . . . . . . . . . . . . .  ABSBIT   -----  BIT      0090H  1
P01. . . . . . . . . . . . . . . . . .  ABSBIT   -----  BIT      0081H  1
SBUF . . . . . . . . . . . . . . . . .  SFR      DATA   U_CHAR   0099H  1
PCON . . . . . . . . . . . . . . . . .  SFR      DATA   U_CHAR   0087H  1
_IAP_ProgramByteArray. . . . . . . . .  PUBLIC   CODE   PROC     0000H  -----
  Address. . . . . . . . . . . . . . .  AUTO     XDATA  U_LONG   0000H  4
  ByteArray. . . . . . . . . . . . . .  AUTO     XDATA  PTR      0004H  3
  ArraySize. . . . . . . . . . . . . .  AUTO     XDATA  U_CHAR   0007H  1
  IAP_MemType. . . . . . . . . . . . .  AUTO     XDATA  U_CHAR   0008H  1
  WriteTimeLimit . . . . . . . . . . .  AUTO     XDATA  U_CHAR   0009H  1
  tmpIAPADE. . . . . . . . . . . . . .  AUTO     XDATA  U_CHAR   000AH  1
NAME                                    CLASS   MSPACE  TYPE    OFFSET  SIZE
  tmpbit . . . . . . . . . . . . . . .  AUTO     XDATA  U_CHAR   000BH  1
  tmpCnt . . . . . . . . . . . . . . .  AUTO     XDATA  U_CHAR   000CH  1
  tmpData. . . . . . . . . . . . . . .  * REG *  DATA   U_CHAR   0007H  1
  tmpAddress . . . . . . . . . . . . .  AUTO     XDATA  U_LONG   000DH  4
P20. . . . . . . . . . . . . . . . . .  ABSBIT   -----  BIT      00A0H  1
P11. . . . . . . . . . . . . . . . . .  ABSBIT   -----  BIT      0091H  1
P02. . . . . . . . . . . . . . . . . .  ABSBIT   -----  BIT      0082H  1
CMPCFG . . . . . . . . . . . . . . . .  SFR      DATA   U_CHAR   00B6H  1
P30. . . . . . . . . . . . . . . . . .  ABSBIT   -----  BIT      00B0H  1
P21. . . . . . . . . . . . . . . . . .  ABSBIT   -----  BIT      00A1H  1
P12. . . . . . . . . . . . . . . . . .  ABSBIT   -----  BIT      0092H  1
P03. . . . . . . . . . . . . . . . . .  ABSBIT   -----  BIT      0083H  1
P40. . . . . . . . . . . . . . . . . .  ABSBIT   -----  BIT      00C0H  1
P31. . . . . . . . . . . . . . . . . .  ABSBIT   -----  BIT      00B1H  1
P22. . . . . . . . . . . . . . . . . .  ABSBIT   -----  BIT      00A2H  1
P13. . . . . . . . . . . . . . . . . .  ABSBIT   -----  BIT      0093H  1
P04. . . . . . . . . . . . . . . . . .  ABSBIT   -----  BIT      0084H  1
SCON . . . . . . . . . . . . . . . . .  SFR      DATA   U_CHAR   0098H  1
P50. . . . . . . . . . . . . . . . . .  ABSBIT   -----  BIT      00D8H  1
P41. . . . . . . . . . . . . . . . . .  ABSBIT   -----  BIT      00C1H  1
P32. . . . . . . . . . . . . . . . . .  ABSBIT   -----  BIT      00B2H  1
P23. . . . . . . . . . . . . . . . . .  ABSBIT   -----  BIT      00A3H  1
P14. . . . . . . . . . . . . . . . . .  ABSBIT   -----  BIT      0094H  1
P05. . . . . . . . . . . . . . . . . .  ABSBIT   -----  BIT      0085H  1
IAPDAT . . . . . . . . . . . . . . . .  SFR      DATA   U_CHAR   00F5H  1
TMOD . . . . . . . . . . . . . . . . .  SFR      DATA   U_CHAR   0089H  1
TCON . . . . . . . . . . . . . . . . .  SFR      DATA   U_CHAR   0088H  1
P51. . . . . . . . . . . . . . . . . .  ABSBIT   -----  BIT      00D9H  1
P42. . . . . . . . . . . . . . . . . .  ABSBIT   -----  BIT      00C2H  1
P33. . . . . . . . . . . . . . . . . .  ABSBIT   -----  BIT      00B3H  1
P24. . . . . . . . . . . . . . . . . .  ABSBIT   -----  BIT      00A4H  1
P15. . . . . . . . . . . . . . . . . .  ABSBIT   -----  BIT      0095H  1
P06. . . . . . . . . . . . . . . . . .  ABSBIT   -----  BIT      0086H  1
IPINT0 . . . . . . . . . . . . . . . .  ABSBIT   -----  BIT      00B8H  1
P52. . . . . . . . . . . . . . . . . .  ABSBIT   -----  BIT      00DAH  1
P43. . . . . . . . . . . . . . . . . .  ABSBIT   -----  BIT      00C3H  1
P34. . . . . . . . . . . . . . . . . .  ABSBIT   -----  BIT      00B4H  1
P25. . . . . . . . . . . . . . . . . .  ABSBIT   -----  BIT      00A5H  1
P16. . . . . . . . . . . . . . . . . .  ABSBIT   -----  BIT      0096H  1
P07. . . . . . . . . . . . . . . . . .  ABSBIT   -----  BIT      0087H  1
IPINT1 . . . . . . . . . . . . . . . .  ABSBIT   -----  BIT      00BAH  1
P53. . . . . . . . . . . . . . . . . .  ABSBIT   -----  BIT      00DBH  1
P44. . . . . . . . . . . . . . . . . .  ABSBIT   -----  BIT      00C4H  1
P35. . . . . . . . . . . . . . . . . .  ABSBIT   -----  BIT      00B5H  1
P26. . . . . . . . . . . . . . . . . .  ABSBIT   -----  BIT      00A6H  1
P17. . . . . . . . . . . . . . . . . .  ABSBIT   -----  BIT      0097H  1
CRCREG . . . . . . . . . . . . . . . .  SFR      DATA   U_CHAR   00FDH  1
P54. . . . . . . . . . . . . . . . . .  ABSBIT   -----  BIT      00DCH  1
P45. . . . . . . . . . . . . . . . . .  ABSBIT   -----  BIT      00C5H  1
P36. . . . . . . . . . . . . . . . . .  ABSBIT   -----  BIT      00B6H  1
P27. . . . . . . . . . . . . . . . . .  ABSBIT   -----  BIT      00A7H  1
IAP_BTLDType_APPROM. . . . . . . . . .  E_CONST  -----  U_CHAR   -----  1
P55. . . . . . . . . . . . . . . . . .  ABSBIT   -----  BIT      00DDH  1
P46. . . . . . . . . . . . . . . . . .  ABSBIT   -----  BIT      00C6H  1
P37. . . . . . . . . . . . . . . . . .  ABSBIT   -----  BIT      00B7H  1
P47. . . . . . . . . . . . . . . . . .  ABSBIT   -----  BIT      00C7H  1
EXFX . . . . . . . . . . . . . . . . .  ABSBIT   -----  BIT      00CEH  1
NAME                                    CLASS   MSPACE  TYPE    OFFSET  SIZE
DDRCON . . . . . . . . . . . . . . . .  SFR      DATA   U_CHAR   0093H  1
StatusTypeDef. . . . . . . . . . . . .  TYPEDEF  -----  U_CHAR   -----  1
IAPCTL . . . . . . . . . . . . . . . .  SFR      DATA   U_CHAR   00F6H  1
IE1. . . . . . . . . . . . . . . . . .  SFR      DATA   U_CHAR   00A9H  1
IAP_MEMTYPE_LDROM. . . . . . . . . . .  E_CONST  -----  U_CHAR   -----  1
IE2. . . . . . . . . . . . . . . . . .  SFR      DATA   U_CHAR   00AAH  1
TRUE . . . . . . . . . . . . . . . . .  E_CONST  -----  U_CHAR   -----  1
B. . . . . . . . . . . . . . . . . . .  SFR      DATA   U_CHAR   00F0H  1
CMPCON . . . . . . . . . . . . . . . .  SFR      DATA   U_CHAR   00B7H  1
IAPKEY . . . . . . . . . . . . . . . .  SFR      DATA   U_CHAR   00F1H  1
BTMCON . . . . . . . . . . . . . . . .  SFR      DATA   U_CHAR   00FBH  1
PWMCFG . . . . . . . . . . . . . . . .  SFR      DATA   U_CHAR   00D1H  1
ACC. . . . . . . . . . . . . . . . . .  SFR      DATA   U_CHAR   00E0H  1
RCAPXH . . . . . . . . . . . . . . . .  SFR      DATA   U_CHAR   00CBH  1
ET0. . . . . . . . . . . . . . . . . .  ABSBIT   -----  BIT      00A9H  1
CRCINX . . . . . . . . . . . . . . . .  SFR      DATA   U_CHAR   00FCH  1
TF0. . . . . . . . . . . . . . . . . .  ABSBIT   -----  BIT      008DH  1
ET1. . . . . . . . . . . . . . . . . .  ABSBIT   -----  BIT      00ABH  1
ADCCFG0. . . . . . . . . . . . . . . .  SFR      DATA   U_CHAR   00ABH  1
IP1. . . . . . . . . . . . . . . . . .  SFR      DATA   U_CHAR   00B9H  1
TF1. . . . . . . . . . . . . . . . . .  ABSBIT   -----  BIT      008FH  1
ET2. . . . . . . . . . . . . . . . . .  ABSBIT   -----  BIT      00ADH  1
ADCCFG1. . . . . . . . . . . . . . . .  SFR      DATA   U_CHAR   00ACH  1
IP2. . . . . . . . . . . . . . . . . .  SFR      DATA   U_CHAR   00BAH  1
ROMBNK . . . . . . . . . . . . . . . .  SFR      DATA   U_CHAR   00DFH  1
RB8. . . . . . . . . . . . . . . . . .  ABSBIT   -----  BIT      009AH  1
ADCCFG2. . . . . . . . . . . . . . . .  SFR      DATA   U_CHAR   00B5H  1
RCAPXL . . . . . . . . . . . . . . . .  SFR      DATA   U_CHAR   00CAH  1
TH0. . . . . . . . . . . . . . . . . .  SFR      DATA   U_CHAR   008CH  1
TH1. . . . . . . . . . . . . . . . . .  SFR      DATA   U_CHAR   008DH  1
TB8. . . . . . . . . . . . . . . . . .  ABSBIT   -----  BIT      009BH  1
uint8_t. . . . . . . . . . . . . . . .  TYPEDEF  -----  U_CHAR   -----  1
P. . . . . . . . . . . . . . . . . . .  ABSBIT   -----  BIT      00D0H  1
_IAP_ReadByte. . . . . . . . . . . . .  PUBLIC   CODE   PROC     0000H  -----
  Address. . . . . . . . . . . . . . .  AUTO     XDATA  U_LONG   0000H  4
  IAP_MemType. . . . . . . . . . . . .  AUTO     XDATA  U_CHAR   0004H  1
  tmpbyte. . . . . . . . . . . . . . .  * REG *  DATA   U_CHAR   0007H  1
  tmpbit . . . . . . . . . . . . . . .  * REG *  DATA   U_CHAR   0002H  1
  tmpIAPADE. . . . . . . . . . . . . .  * REG *  DATA   U_CHAR   0003H  1
SM0. . . . . . . . . . . . . . . . . .  ABSBIT   -----  BIT      009FH  1
TL0. . . . . . . . . . . . . . . . . .  SFR      DATA   U_CHAR   008AH  1
SM1. . . . . . . . . . . . . . . . . .  ABSBIT   -----  BIT      009EH  1
WDTCON . . . . . . . . . . . . . . . .  SFR      DATA   U_CHAR   00CFH  1
TL1. . . . . . . . . . . . . . . . . .  SFR      DATA   U_CHAR   008BH  1
SM2. . . . . . . . . . . . . . . . . .  ABSBIT   -----  BIT      009DH  1
PWMDFR . . . . . . . . . . . . . . . .  SFR      DATA   U_CHAR   00D6H  1
PWMPDH . . . . . . . . . . . . . . . .  SFR      DATA   U_CHAR   00D5H  1
_IAP_ReadByteArray . . . . . . . . . .  PUBLIC   CODE   PROC     0000H  -----
  Address. . . . . . . . . . . . . . .  AUTO     XDATA  U_LONG   0000H  4
  ByteArray. . . . . . . . . . . . . .  AUTO     XDATA  PTR      0004H  3
  ArraySize. . . . . . . . . . . . . .  AUTO     XDATA  U_CHAR   0007H  1
  IAP_MemType. . . . . . . . . . . . .  AUTO     XDATA  U_CHAR   0008H  1
  tmpCnt . . . . . . . . . . . . . . .  AUTO     XDATA  U_CHAR   0009H  1
  tmpbit . . . . . . . . . . . . . . .  AUTO     XDATA  U_CHAR   000AH  1
  tmpIAPADE. . . . . . . . . . . . . .  AUTO     XDATA  U_CHAR   000BH  1
RS0. . . . . . . . . . . . . . . . . .  ABSBIT   -----  BIT      00D3H  1
TR0. . . . . . . . . . . . . . . . . .  ABSBIT   -----  BIT      008CH  1
NAME                                    CLASS   MSPACE  TYPE    OFFSET  SIZE
RS1. . . . . . . . . . . . . . . . . .  ABSBIT   -----  BIT      00D4H  1
PWMPDL . . . . . . . . . . . . . . . .  SFR      DATA   U_CHAR   00D4H  1
TR1. . . . . . . . . . . . . . . . . .  ABSBIT   -----  BIT      008EH  1
IPUART . . . . . . . . . . . . . . . .  ABSBIT   -----  BIT      00BCH  1
s32. . . . . . . . . . . . . . . . . .  TYPEDEF  -----  LONG     -----  4
int8_t . . . . . . . . . . . . . . . .  TYPEDEF  -----  CHAR     -----  1
u32. . . . . . . . . . . . . . . . . .  TYPEDEF  -----  U_LONG   -----  4
s16. . . . . . . . . . . . . . . . . .  TYPEDEF  -----  INT      -----  2
u16. . . . . . . . . . . . . . . . . .  TYPEDEF  -----  U_INT    -----  2
PWMFLT . . . . . . . . . . . . . . . .  SFR      DATA   U_CHAR   00D7H  1
DPH. . . . . . . . . . . . . . . . . .  SFR      DATA   U_CHAR   0083H  1
DPL. . . . . . . . . . . . . . . . . .  SFR      DATA   U_CHAR   0082H  1
EINT0. . . . . . . . . . . . . . . . .  ABSBIT   -----  BIT      00A8H  1
P0CON. . . . . . . . . . . . . . . . .  SFR      DATA   U_CHAR   009AH  1
EINT1. . . . . . . . . . . . . . . . .  ABSBIT   -----  BIT      00AAH  1
IPADC. . . . . . . . . . . . . . . . .  ABSBIT   -----  BIT      00BEH  1
INT0F. . . . . . . . . . . . . . . . .  SFR      DATA   U_CHAR   00B4H  1
P1CON. . . . . . . . . . . . . . . . .  SFR      DATA   U_CHAR   0091H  1
INT1F. . . . . . . . . . . . . . . . .  SFR      DATA   U_CHAR   00BCH  1
P2CON. . . . . . . . . . . . . . . . .  SFR      DATA   U_CHAR   00A1H  1
INT2F. . . . . . . . . . . . . . . . .  SFR      DATA   U_CHAR   00BEH  1
P3CON. . . . . . . . . . . . . . . . .  SFR      DATA   U_CHAR   00B1H  1
REN. . . . . . . . . . . . . . . . . .  ABSBIT   -----  BIT      009CH  1
P4CON. . . . . . . . . . . . . . . . .  SFR      DATA   U_CHAR   00C1H  1
P5CON. . . . . . . . . . . . . . . . .  SFR      DATA   U_CHAR   00D9H  1
ADCVH. . . . . . . . . . . . . . . . .  SFR      DATA   U_CHAR   00AFH  1
DPS. . . . . . . . . . . . . . . . . .  SFR      DATA   U_CHAR   0086H  1
IAP_BTLDType_LDROM . . . . . . . . . .  E_CONST  -----  U_CHAR   -----  1
US0CON0. . . . . . . . . . . . . . . .  SFR      DATA   U_CHAR   0095H  1
US1CON0. . . . . . . . . . . . . . . .  SFR      DATA   U_CHAR   00A4H  1
US0CON1. . . . . . . . . . . . . . . .  SFR      DATA   U_CHAR   009DH  1
ADCVL. . . . . . . . . . . . . . . . .  SFR      DATA   U_CHAR   00AEH  1
EXADH. . . . . . . . . . . . . . . . .  SFR      DATA   U_CHAR   00F7H  1
_IAP_EEPROMSectorEraseOption . . . . .  EXTERN   CODE   PROC     -----  -----
SET. . . . . . . . . . . . . . . . . .  E_CONST  -----  U_CHAR   -----  1
FALSE. . . . . . . . . . . . . . . . .  E_CONST  -----  U_CHAR   -----  1
US1CON1. . . . . . . . . . . . . . . .  SFR      DATA   U_CHAR   00A5H  1
US0CON2. . . . . . . . . . . . . . . .  SFR      DATA   U_CHAR   009EH  1
US1CON2. . . . . . . . . . . . . . . .  SFR      DATA   U_CHAR   00A6H  1
US0CON3. . . . . . . . . . . . . . . .  SFR      DATA   U_CHAR   009FH  1
US1CON3. . . . . . . . . . . . . . . .  SFR      DATA   U_CHAR   00A7H  1
INT0R. . . . . . . . . . . . . . . . .  SFR      DATA   U_CHAR   00BBH  1
INT1R. . . . . . . . . . . . . . . . .  SFR      DATA   U_CHAR   00BDH  1
PriorityStatus . . . . . . . . . . . .  TYPEDEF  -----  U_CHAR   -----  1
INT2R. . . . . . . . . . . . . . . . .  SFR      DATA   U_CHAR   00BFH  1
USXINX . . . . . . . . . . . . . . . .  SFR      DATA   U_CHAR   00DCH  1
LOW. . . . . . . . . . . . . . . . . .  E_CONST  -----  U_CHAR   -----  1
TFX. . . . . . . . . . . . . . . . . .  ABSBIT   -----  BIT      00CFH  1
IOHCON0. . . . . . . . . . . . . . . .  SFR      DATA   U_CHAR   0096H  1
IOHCON1. . . . . . . . . . . . . . . .  SFR      DATA   U_CHAR   0097H  1
Status_ERROR . . . . . . . . . . . . .  E_CONST  -----  U_CHAR   -----  1
THX. . . . . . . . . . . . . . . . . .  SFR      DATA   U_CHAR   00CDH  1
F0 . . . . . . . . . . . . . . . . . .  ABSBIT   -----  BIT      00D5H  1
DISABLE. . . . . . . . . . . . . . . .  E_CONST  -----  U_CHAR   -----  1
F1 . . . . . . . . . . . . . . . . . .  ABSBIT   -----  BIT      00D1H  1
_IAP_EEPROMProgramByteOption . . . . .  EXTERN   CODE   PROC     -----  -----
TLX. . . . . . . . . . . . . . . . . .  SFR      DATA   U_CHAR   00CCH  1
NAME                                    CLASS   MSPACE  TYPE    OFFSET  SIZE
PSW. . . . . . . . . . . . . . . . . .  SFR      DATA   U_CHAR   00D0H  1
IAP_DeInit . . . . . . . . . . . . . .  PUBLIC   CODE   PROC     0000H  -----
uint32_t . . . . . . . . . . . . . . .  TYPEDEF  -----  U_LONG   -----  4
MODULE INFORMATION:   STATIC OVERLAYABLE
   CODE SIZE        =    567    ----
   CONSTANT SIZE    =   ----    ----
   XDATA SIZE       =   ----      49
   PDATA SIZE       =   ----    ----
   DATA SIZE        =   ----    ----
   IDATA SIZE       =   ----    ----
   BIT SIZE         =   ----    ----
   EDATA SIZE       =   ----    ----
   HDATA SIZE       =   ----    ----
   XDATA CONST SIZE =   ----    ----
   FAR CONST SIZE   =   ----    ----
END OF MODULE INFORMATION.
C51 COMPILATION COMPLETE.  0 WARNING(S),  0 ERROR(S)
