C51 COMPILER V9.59.0.0   SC_IT                                                             04/07/2024 19:40:22 PAGE 1   


C51 COMPILER V9.59.0.0, COMPILATION OF MODULE SC_IT
OBJECT MODULE PLACED IN ..\Output\SC_it.obj
COMPILER INVOKED BY: D:\Keil_v5\C51\BIN\C51.EXE ..\User\SC_it.c LARGE OMF2 OPTIMIZE(0,SIZE) BROWSE INTVECTOR(0X1000) INC
                    -DIR(..\FWLib\SC95F_Lib\inc;..\User;..\IOT_DRIVER\XIAOMI;..\Drivers;..\Drivers\TKDriver\C;..\List\..\Apps;..\Apps) DEFINE
                    -(SC95F8x1xB) DEBUG PRINT(..\List\SC_it.lst) TABS(2) OBJECT(..\Output\SC_it.obj)

line level    source

   1          //************************************************************
   2          //  Copyright (c)   
   3          //  FileName    : SC_it.c
   4          //  Function    : Interrupt Service Routine
   5          //  Instructions  :  
   6          //  Date          : 2022/03/03
   7          //  Version     : V1.0002
   8          //*************************************************************
   9          /********************Includes************************************************************************/
  10          #include "SC_it.h"
  11          #include "..\Drivers\SCDriver_list.h"
  12          #include "HeadFiles\SC_itExtern.h"
  13          #include "..\Apps\includeall.h"
  14          /**************************************Generated by EasyCodeCube*************************************/
  15          //Forbid editing areas between the labels !!!
  16          
  17          /*************************************.Generated by EasyCodeCube.************************************/
  18          void INT0Interrupt()    interrupt 0       
  19          {
  20   1          TCON &= 0XFD;//Clear interrupt flag bit
  21   1          /*INT0_it write here begin*/
  22   1          //Forbid editing areas between the labels !!!
  23   1          /*INT0_it write here*/
  24   1          /*<Generated by EasyCodeCube begin>*/
  25   1          /*<Generated by EasyCodeCube end>*/
  26   1          /*INT0Interrupt Flag Clear begin*/
  27   1          //Forbid editing areas between the labels !!!
  28   1          /*INT0Interrupt Flag Clear end*/
  29   1      }
  30          void Timer0Interrupt()    interrupt 1        
  31          {
  32   1          /*TIM0_it write here begin*/
  33   1          //Forbid editing areas between the labels !!!
  34   1          TIM0_Mode1SetReloadCounter(33536);
  35   1          /*TIM0_it write here*/
  36   1          /*<Generated by EasyCodeCube begin>*/
  37   1          /*<UserCodeStart>*//*<SinOne-Tag><15>*/
  38   1          /***User program***/
  39   1          Systime_Count();
  40   1          RDSystickProcess();
  41   1          if(Ev5MSFlag)
  42   1          LED_sCan();
  43   1          /*<UserCodeEnd>*//*<SinOne-Tag><15>*/
  44   1          /*<Generated by EasyCodeCube end>*/
  45   1          /*Timer0Interrupt Flag Clear begin*/
  46   1          //Forbid editing areas between the labels !!!
  47   1          /*Timer0Interrupt Flag Clear end*/    
  48   1      }
  49          void INT1Interrupt()    interrupt 2   
  50          {
  51   1          TCON &= 0XF7;//Clear interrupt flag bit
  52   1          /*INT1_it write here begin*/
  53   1          //Forbid editing areas between the labels !!!
C51 COMPILER V9.59.0.0   SC_IT                                                             04/07/2024 19:40:22 PAGE 2   

  54   1          /*INT1_it write here*/
  55   1          /*<Generated by EasyCodeCube begin>*/
  56   1          /*<Generated by EasyCodeCube end>*/
  57   1          /*INT1Interrupt Flag Clear begin*/
  58   1          //Forbid editing areas between the labels !!!
  59   1          /*INT1Interrupt Flag Clear end*/          
  60   1      }
  61          void Timer1Interrupt()    interrupt 3   
  62          {
  63   1          /*TIM1_it write here begin*/
  64   1          //Forbid editing areas between the labels !!!
  65   1          /*TIM1_it write here*/
  66   1          /*<Generated by EasyCodeCube begin>*/
  67   1          /*<Generated by EasyCodeCube end>*/
  68   1          /*Timer1Interrupt Flag Clear begin*/
  69   1          //Forbid editing areas between the labels !!!
  70   1          /*Timer1Interrupt Flag Clear end*/    
  71   1      }
  72          #if defined (SC92F742x) || defined (SC92F7490)
              void SSI0Interrupt()    interrupt 4   
              {
                  /*SSI0_it write here begin*/
                  //Forbid editing areas between the labels !!!
                  /*SSI0_it write here*/
                  /*<Generated by EasyCodeCube begin>*/
                  /*<Generated by EasyCodeCube end>*/
                  /*SSI0Interrupt Flag Clear begin*/
                  //Forbid editing areas between the labels !!!
                  /*SSI0Interrupt Flag Clear end*/    
              }
              #elif  !defined ( SC92F827X)  &&  !defined (SC92F837X)
  85          #define        UART0_TX_LEN 7
  86          extern void    RDUART0_RcvByte(void);
  87          void UART0Interrupt()   interrupt 4   
  88          {
  89   1          static  u8 uartDataLen = 1;
  90   1          /*UART0_it write here begin*/
  91   1          //Forbid editing areas between the labels !!!
  92   1          /*UART0_it write here*/
  93   1          if(TI)
  94   1          {
  95   2              UART0_ClearFlag(UART0_FLAG_TI);
  96   2              if(uartDataLen < UART0_TX_LEN)
  97   2              {
  98   3                  uartDataLen++;
  99   3                  SBUF = gSendData[uartDataLen].all;
 100   3              }
 101   2              else
 102   2              {
 103   3                  uartDataLen = 0;
 104   3              }
 105   2          }
 106   1          if(RI)
 107   1          {
 108   2              UART0_ClearFlag(UART0_FLAG_RI);
 109   2              RDUART0_RcvByte();
 110   2          }
 111   1          /*<Generated by EasyCodeCube begin>*/
 112   1          /*<Generated by EasyCodeCube end>*/
 113   1          /*UART0Interrupt Flag Clear begin*/
 114   1          //Forbid editing areas between the labels !!!
 115   1          UART0_ClearFlag(UART0_FLAG_TI);
C51 COMPILER V9.59.0.0   SC_IT                                                             04/07/2024 19:40:22 PAGE 3   

 116   1          UART0_ClearFlag(UART0_FLAG_RI);
 117   1          
 118   1          /*UART0Interrupt Flag Clear end*/   
 119   1          
 120   1          
 121   1      }
 122          #endif
 123          void Timer2Interrupt()    interrupt 5   
 124          {
 125   1          /*TIM2_it write here begin*/
 126   1          //Forbid editing areas between the labels !!!
 127   1          /*TIM2_it write here*/
 128   1          /*<Generated by EasyCodeCube begin>*/
 129   1          /*<Generated by EasyCodeCube end>*/
 130   1          /*Timer2Interrupt Flag Clear begin*/
 131   1          //Forbid editing areas between the labels !!!
 132   1          /*Timer2Interrupt Flag Clear end*/    
 133   1      }
 134          void ADCInterrupt()     interrupt 6   
 135          {
 136   1          /*ADC_it write here begin*/
 137   1          //Forbid editing areas between the labels !!!
 138   1          /*ADC_it write here*/
 139   1          /*<Generated by EasyCodeCube begin>*/
 140   1          /*<Generated by EasyCodeCube end>*/
 141   1          /*ADCInterrupt Flag Clear begin*/
 142   1          //Forbid editing areas between the labels !!!
 143   1          ADC_ClearFlag();
 144   1          
 145   1          /*ADCInterrupt Flag Clear end*/   
 146   1      }
 147          #if defined (SC92F854x) || defined (SC92F754x) ||defined  (SC92F844xB) || defined (SC92F744xB)||defined  (
             -SC92F84Ax_2) || defined (SC92F74Ax_2)|| defined (SC92F846xB) || defined (SC92F746xB)\
 148          || defined (SC92F836xB) || defined (SC92F736xB) || defined (SC92F8003) || defined (SC92F8003B) || defined 
             - (SC92F84Ax) || defined (SC92F74Ax) || defined  (SC92F83Ax) || defined (SC92F73Ax) \
 149          || defined (SC92F7003) || defined (SC92F740x) || defined (SC92FWxx) || defined (SC93F743x) || defined (SC9
             -3F833x) || defined (SC93F843x) || defined (SC92F848x) || defined (SC92F748x)|| defined (SC92F859x) \
 150          || defined (SC92F759x) || defined(SC92F84Hx) || defined(SC92F83Hx)|| defined(SC92F827x)|| defined(SC92F837
             -x) ||defined(SC92F841x) || defined(SC92F741x) || defined(SC92R511x) || defined(SC92R342)
              void SSIInterrupt()     interrupt 7   
              {
                  /*SSI_it write here begin*/
                  //Forbid editing areas between the labels !!!
                  /*SSI_it write here*/
                  /*<Generated by EasyCodeCube begin>*/
                  /*<Generated by EasyCodeCube end>*/
                  /*SSIInterrupt Flag Clear begin*/
                  //Forbid editing areas between the labels !!!
                  /*SSIInterrupt Flag Clear end*/   
              }
              #elif defined (SC92F742x) || defined (SC92F7490)
              void SSI1Interrupt()    interrupt 7   
              {
                  /*SSI1_it write here begin*/
                  //Forbid editing areas between the labels !!!
                  /*SSI1_it write here*/
                  /*<Generated by EasyCodeCube begin>*/
                  /*<Generated by EasyCodeCube end>*/
                  /*SSI1Interrupt Flag Clear begin*/
                  //Forbid editing areas between the labels !!!
                  /*SSI1Interrupt Flag Clear end*/    
              }
C51 COMPILER V9.59.0.0   SC_IT                                                             04/07/2024 19:40:22 PAGE 4   

              #elif !defined (SC92F730x) && !defined (SC92F730x_2) && !defined (SC92F720x) && !defined (SC92F725X) && !d
             -efined (SC92F735X) && !defined (SC92F732X)
 175          void USCI0Interrupt()     interrupt 7   
 176          {
 177   1          /*USCI0_it write here begin*/
 178   1          //Forbid editing areas between the labels !!!
 179   1          /*USCI0_it write here*/
 180   1          /*<Generated by EasyCodeCube begin>*/
 181   1          /*<Generated by EasyCodeCube end>*/
 182   1          /*USCI0Interrupt Flag Clear begin*/
 183   1          //Forbid editing areas between the labels !!!
 184   1          /*USCI0Interrupt Flag Clear end*/   
 185   1      }
 186          #endif
 187          void PWMInterrupt()     interrupt 8
 188          {
 189   1          /*PWM_it write here begin*/
 190   1          //Forbid editing areas between the labels !!!
 191   1          /*PWM_it write here*/
 192   1          /*<Generated by EasyCodeCube begin>*/
 193   1          /*<Generated by EasyCodeCube end>*/
 194   1          /*PWMInterrupt Flag Clear begin*/
 195   1          //Forbid editing areas between the labels !!!
 196   1          /*PWMInterrupt Flag Clear end*/   
 197   1      }
 198          #if !defined (TK_USE_BTM)
 199          void BTMInterrupt()     interrupt 9
 200          {
 201   1          /*BTM_it write here begin*/
 202   1          //Forbid editing areas between the labels !!!
 203   1          /*BTM_it write here*/
 204   1          /*<Generated by EasyCodeCube begin>*/
 205   1          /*<Generated by EasyCodeCube end>*/
 206   1          /*BTMInterrupt Flag Clear begin*/
 207   1          //Forbid editing areas between the labels !!!
 208   1          /*BTMInterrupt Flag Clear end*/   
 209   1      }
 210          #endif
 211          void INT2Interrupt()    interrupt 10
 212          { 
 213   1          /*INT2_it write here begin*/
 214   1          //Forbid editing areas between the labels !!!
 215   1          /*INT2_it write here*/
 216   1          /*<Generated by EasyCodeCube begin>*/
 217   1          /*<Generated by EasyCodeCube end>*/
 218   1          /*INT2Interrupt Flag Clear begin*/
 219   1          //Forbid editing areas between the labels !!!
 220   1          /*INT2Interrupt Flag Clear end*/    
 221   1      }
 222          #if defined (SC92F854x) || defined (SC92F754x) || defined  (SC92F844xB) || defined (SC92F744xB)||defined  
             -(SC92F84Ax_2) || defined (SC92F74Ax_2)|| defined (SC92F859x) || defined (SC92F759x) || defined (SC92R511x)\
 223          || defined (SC92FWxx) || defined (SC95F8x1x) || defined (SC95F7x1x) || defined (SC95FWxx) || defined (SC95
             -F8x3x) || defined (SC95F7x3x) || defined (SC95F8x6x) || defined (SC95F7x6x) || defined (SC95F8x1xB) ||defined ( SC95F7x1
             -xB)\
 224          || defined (SC95R751) || defined (SC95F7610B) || defined (SC95F7619B) || defined (SC95R602) || defined (SC
             -95R605) || defined (SC95F8x7x) || defined (SC95F7x7x) 
 225          
 226          #define CMP_LEN 12
 227          void ACMPInterrupt()    interrupt 12
 228          {
 229   1          /*ACMP_it write here begin*/
 230   1          //Forbid editing areas between the labels !!!
C51 COMPILER V9.59.0.0   SC_IT                                                             04/07/2024 19:40:22 PAGE 5   

 231   1          /*ACMP_it write here*/
 232   1          /*<Generated by EasyCodeCube begin>*/
 233   1          /*<Generated by EasyCodeCube end>*/
 234   1          /*ACMPInterrupt Flag Clear begin*/
 235   1          //Forbid editing areas between the labels !!!
 236   1          /*ACMPInterrupt Flag Clear end*/  
 237   1          
 238   1          CMPCON &= ~0x40;  //清中断标志位  
 239   1          if(CMPCON&0x20)     //判断模拟器输出状态
 240   1          {
 241   2              PowerDownFlag = 1;     
 242   2          }
 243   1          
 244   1          //LED4_R =1;
 245   1      }
 246          #endif
 247          
 248          #if defined (SC92L853x) || defined (SC92L753x) || defined(SC92F84Hx) || defined(SC92F83Hx) || defined( SC9
             -5F8x1x) || defined(SC95F7x1x) || defined(SC95F8x2x) || defined(SC95F7x2x) ||defined(SC95FWxx) \
 249          || defined(SC95F8x3x) || defined(SC95F7x3x) || defined(SC95F8x6x) || defined(SC95F7x6x) || defined(SC95F8x
             -1xB) || defined(SC95F7x1xB) || defined(SC95R751) || defined(SC95F7610B) || defined(SC95F7619B) \
 250          || defined(SC95FS52x) || defined(SC95R602) || defined(SC95R605) || defined(SC95F8x7x) || defined(SC95F7x7x
             -)
 251          void Timer3Interrupt()    interrupt 13
 252          {
 253   1          /*TIM3_it write here begin*/
 254   1          //Forbid editing areas between the labels !!!
 255   1          /*TIM3_it write here*/
 256   1          /*<Generated by EasyCodeCube begin>*/
 257   1          /*<Generated by EasyCodeCube end>*/
 258   1          /*Timer3Interrupt Flag Clear begin*/
 259   1          //Forbid editing areas between the labels !!!
 260   1          /*Timer3Interrupt Flag Clear end*/  
 261   1      }
 262          void Timer4Interrupt()    interrupt 14
 263          {
 264   1          /*TIM4_it write here begin*/
 265   1          //Forbid editing areas between the labels !!!
 266   1          /*TIM4_it write here*/
 267   1          /*<Generated by EasyCodeCube begin>*/
 268   1          /*<Generated by EasyCodeCube end>*/
 269   1          /*Timer4Interrupt Flag Clear begin*/
 270   1          //Forbid editing areas between the labels !!!
 271   1          /*Timer4Interrupt Flag Clear end*/  
 272   1      }
 273          #if  !defined (SC92F84Hx) && !defined (SC92F83Hx)
 274          
 275          void USCI1Interrupt()   interrupt 15    
 276          { 
 277   1          /*USCI1_it write here begin*/
 278   1          //Forbid editing areas between the labels !!!
 279   1          /*USCI1_it write here*/
 280   1          /*<Generated by EasyCodeCube begin>*/
 281   1          /*<Generated by EasyCodeCube end>*/
 282   1          /*USCI1Interrupt Flag Clear begin*/
 283   1          //Forbid editing areas between the labels !!!
 284   1          /*USCI1Interrupt Flag Clear end*/   
 285   1      }
 286          void USCI2Interrupt()   interrupt 16    
 287          { 
 288   1          /*USCI2_it write here begin*/
 289   1          //Forbid editing areas between the labels !!!
C51 COMPILER V9.59.0.0   SC_IT                                                             04/07/2024 19:40:22 PAGE 6   

 290   1          OTA_UARTHANDLE();
 291   1          /*USCI2_it write here*/
 292   1          /*<Generated by EasyCodeCube begin>*/
 293   1          /*<Generated by EasyCodeCube end>*/
 294   1          /*USCI2Interrupt Flag Clear begin*/
 295   1          //Forbid editing areas between the labels !!!
 296   1          USCI2_ClearFlag(USCI2_UART_FLAG_RI);
 297   1          USCI2_ClearFlag(USCI2_UART_FLAG_TI);
 298   1          
 299   1          /*USCI2Interrupt Flag Clear end*/   
 300   1      }
 301          #endif
 302          
 303          #if  defined (SC92L853x) || defined (SC92L753x)
              void LPDInterrupt()   interrupt 22    
              {
                  /*LPD_it write here begin*/
                  //Forbid editing areas between the labels !!!
                  /*LPD_it write here*/
                  /*<Generated by EasyCodeCube begin>*/
                  /*<Generated by EasyCodeCube end>*/
                  /*LPDInterrupt Flag Clear begin*/
                  //Forbid editing areas between the labels !!!
                  /*LPDInterrupt Flag Clear end*/   
              }
              #endif
 316          #endif
 317          
 318          #if  defined (SC95F8x3x) || defined (SC95F7x3x) || defined (SC95F7619B) || defined ( SC95F8x6x) || defined
             - (SC95F7x6x) || defined (SC95F8x1xB)|| defined (SC95F7x1xB) || defined (SC95R751)
 319          void USCI3Interrupt()   interrupt 17    
 320          {
 321   1          /*USCI3_it write here begin*/
 322   1          //Forbid editing areas between the labels !!!
 323   1          /*USCI3_it write here*/
 324   1          /*<Generated by EasyCodeCube begin>*/
 325   1          /*<Generated by EasyCodeCube end>*/
 326   1          /*USCI3Interrupt Flag Clear begin*/
 327   1          //Forbid editing areas between the labels !!!
 328   1          /*USCI3Interrupt Flag Clear end*/   
 329   1      }
 330          #if !defined (SC95R751)
 331          void USCI4Interrupt()   interrupt 18    
 332          {
 333   1          /*USCI4_it write here begin*/
 334   1          //Forbid editing areas between the labels !!!
 335   1          /*USCI4_it write here*/
 336   1          /*<Generated by EasyCodeCube begin>*/
 337   1          /*<Generated by EasyCodeCube end>*/
 338   1          /*USCI4Interrupt Flag Clear begin*/
 339   1          //Forbid editing areas between the labels !!!
 340   1          /*USCI4Interrupt Flag Clear end*/   
 341   1      }
 342          #endif
 343          #if defined (SC95F8x6x) || defined (SC95F7x6x) || defined (SC95F8x1xB) || defined (SC95F7x1xB) 
 344          void USCI5Interrupt()   interrupt 19    
 345          {
 346   1          /*USCI5_it write here begin*/
 347   1          //Forbid editing areas between the labels !!!
 348   1          /*USCI5_it write here*/
 349   1          /*<Generated by EasyCodeCube begin>*/
 350   1          /*<Generated by EasyCodeCube end>*/
C51 COMPILER V9.59.0.0   SC_IT                                                             04/07/2024 19:40:22 PAGE 7   

 351   1          /*USCI5Interrupt Flag Clear begin*/
 352   1          //Forbid editing areas between the labels !!!
 353   1          /*USCI5Interrupt Flag Clear end*/   
 354   1      }
 355          #endif
 356          
 357          #endif


MODULE INFORMATION:   STATIC OVERLAYABLE
   CODE SIZE        =    584    ----
   CONSTANT SIZE    =   ----    ----
   XDATA SIZE       =      1    ----
   PDATA SIZE       =   ----    ----
   DATA SIZE        =   ----    ----
   IDATA SIZE       =   ----    ----
   BIT SIZE         =   ----    ----
   EDATA SIZE       =   ----    ----
   HDATA SIZE       =   ----    ----
   XDATA CONST SIZE =   ----    ----
   FAR CONST SIZE   =   ----    ----
END OF MODULE INFORMATION.


C51 COMPILATION COMPLETE.  0 WARNING(S),  0 ERROR(S)
