C51 COMPILER V9.59.0.0   SC_INIT                                                           03/20/2024 20:54:38 PAGE 1   


C51 COMPILER V9.59.0.0, COMPILATION OF MODULE SC_INIT
OBJECT MODULE PLACED IN ..\Output\SC_Init.obj
COMPILER INVOKED BY: D:\Keil_v5\C51\BIN\C51.EXE ..\User\SC_Init.c LARGE OMF2 OPTIMIZE(8,SIZE) BROWSE INTVECTOR(0X2800) I
                    -NCDIR(..\FWLib\SC95F_Lib\inc;..\User;..\IOT_DRIVER\XIAOMI;..\Drivers;..\Drivers\TKDriver\C;..\List\..\Apps;..\Apps) DEFI
                    -NE(SC95F8x1xB) DEBUG PRINT(..\List\SC_Init.lst) TABS(2) OBJECT(..\Output\SC_Init.obj)

line level    source

   1          //************************************************************
   2          //  Copyright (c)   
   3          //  FileName     : SC_Init.c
   4          //  Function     : Contains the MCU initialization function and its C file
   5          //  Instructions   : 
   6          //*************************************************************
   7          
   8          #include "SC_Init.h"  // MCU initialization header file, including all firmware library header files
   9          #include "..\Drivers\SCDriver_list.h"
  10          #include "HeadFiles\SC_itExtern.h"
  11          
  12          //*************************************************************
  13          /**************************************Generated by EasyCodeCube*************************************/
  14          //Forbid editing areas between the labels !!!
  15          /*************************************.Generated by EasyCodeCube.************************************/
  16          
  17          /*****************************************************
  18          *函数名称: SC_Init
  19          *函数功能: MCU初始化函数
  20          *入口参数：void
  21          *出口参数：void
  22          *****************************************************/
  23          void SC_Init(void)
  24          {
  25   1        //Forbid editing areas before the following label !!!
  26   1        SC_GPIO_Init();
  27   1        SC_OPTION_Init();
  28   1        SC_UART0_Init();
  29   1        SC_TIM0_Init();
  30   1        SC_PWM0_Init();
  31   1        SC_ADC_Init();
  32   1        SC_WDT_Init();
  33   1        SC_IAP_Init();
  34   1        /*write initial function here*/ 
  35   1        EA = 1; 
  36   1      }
  37          
  38          /*****************************************************
  39          *函数名称: SC_OPTION_Init
  40          *函数功能: OPTION配置初始化函数
  41          *入口参数：void
  42          *出口参数：void
  43          *****************************************************/
  44          void SC_OPTION_Init(void)
  45          {
  46   1        //Forbid editing areas before the following label !!!
  47   1        SC95F8616B_NIO_Init();
  48   1        /*OPTION_Init write here*/    
  49   1      }
  50          
  51          /*****************************************************
  52          *函数名称: SC_GPIO_Init
  53          *函数功能: GPIO初始化函数
C51 COMPILER V9.59.0.0   SC_INIT                                                           03/20/2024 20:54:38 PAGE 2   

  54          *入口参数：void
  55          *出口参数：void
  56          *****************************************************/
  57          void SC_GPIO_Init(void)
  58          {
  59   1        //Forbid editing areas before the following label !!!
  60   1        GPIO_Init(GPIO0, GPIO_PIN_2,GPIO_MODE_OUT_PP);
  61   1        GPIO_Init(GPIO0, GPIO_PIN_4,GPIO_MODE_OUT_PP);
  62   1        GPIO_Init(GPIO0, GPIO_PIN_5,GPIO_MODE_IN_PU);
  63   1        GPIO_Init(GPIO4, GPIO_PIN_3,GPIO_MODE_OUT_PP);
  64   1        GPIO_Init(GPIO4, GPIO_PIN_2,GPIO_MODE_OUT_PP);
  65   1        GPIO_Init(GPIO4, GPIO_PIN_1,GPIO_MODE_OUT_PP);
  66   1        GPIO_Init(GPIO3, GPIO_PIN_7,GPIO_MODE_OUT_PP);
  67   1        GPIO_Init(GPIO3, GPIO_PIN_5,GPIO_MODE_OUT_PP);
  68   1        GPIO_Init(GPIO3, GPIO_PIN_4,GPIO_MODE_OUT_PP);
  69   1        GPIO_Init(GPIO3, GPIO_PIN_3,GPIO_MODE_OUT_PP);
  70   1        GPIO_Init(GPIO3, GPIO_PIN_2,GPIO_MODE_OUT_PP);
  71   1        GPIO_Init(GPIO3, GPIO_PIN_1,GPIO_MODE_OUT_PP);
  72   1        GPIO_Init(GPIO1, GPIO_PIN_0,GPIO_MODE_OUT_PP);
  73   1        GPIO_Init(GPIO1, GPIO_PIN_2,GPIO_MODE_OUT_PP);
  74   1        GPIO_Init(GPIO1, GPIO_PIN_4,GPIO_MODE_OUT_PP);
  75   1        GPIO_Init(GPIO2, GPIO_PIN_5,GPIO_MODE_OUT_PP);
  76   1        GPIO_Init(GPIO2, GPIO_PIN_6,GPIO_MODE_OUT_PP);
  77   1        GPIO_Init(GPIO2, GPIO_PIN_7,GPIO_MODE_OUT_PP);
  78   1        GPIO_Init(GPIO0, GPIO_PIN_0,GPIO_MODE_OUT_PP);
  79   1        GPIO_Init(GPIO0, GPIO_PIN_1,GPIO_MODE_OUT_PP);
  80   1        /*GPIO_Init write here*/    
  81   1        P00 =1;
  82   1        P01 =0;
  83   1        
  84   1        P14 = 1;
  85   1        P25 = 0;
  86   1        
  87   1        P26 = 1;
  88   1        P27 = 0;
  89   1        
  90   1        P04 = 1;
  91   1        P02 = 0;
  92   1        
  93   1      }
  94          
  95          /*****************************************************
  96          *函数名称: SC_UART0_Init
  97          *函数功能: UART0初始化函数
  98          *入口参数：void
  99          *出口参数：void
 100          *****************************************************/
 101          void SC_UART0_Init(void)
 102          {
 103   1        //Forbid editing areas before the following label !!!
 104   1        GPIO_Init(GPIO2, GPIO_PIN_0,GPIO_MODE_IN_PU);
 105   1        GPIO_Init(GPIO2, GPIO_PIN_1,GPIO_MODE_IN_PU);
 106   1        /*模式1初始化*/UART0_Init(32000000,115200,UART0_Mode_10B,UART0_CLOCK_TIMER1,UART0_RX_ENABLE);
 107   1        UART0_ITConfig(ENABLE,LOW);
 108   1        /*UART0_Init write here*/   
 109   1      }
 110          
 111          /*****************************************************
 112          *函数名称: SC_TIM0_Init
 113          *函数功能: TIMER0初始化函数
 114          *入口参数：void
 115          *出口参数：void 
C51 COMPILER V9.59.0.0   SC_INIT                                                           03/20/2024 20:54:38 PAGE 3   

 116          *****************************************************/
 117          void SC_TIM0_Init(void)
 118          {
 119   1        //Forbid editing areas before the following label !!!
 120   1        TIM0_TimeBaseInit(TIM0_PRESSEL_FSYS_D1,TIM0_MODE_TIMER);
 121   1        TIM0_WorkModeConfig(TIM0_WORK_MODE1,33536, 0);
 122   1        TIM0_ITConfig(ENABLE,LOW);
 123   1        TIM0_Cmd(ENABLE);
 124   1        /*TIM0_Init write here*/    
 125   1      }
 126          
 127          /*****************************************************
 128          *函数名称: SC_TIM1_Init
 129          *函数功能: TIMER1初始化函数
 130          *入口参数：void
 131          *出口参数：void
 132          *****************************************************/
 133          void SC_TIM1_Init(void)
 134          {
 135   1        //Forbid editing areas before the following label !!!
 136   1        /*TIM1_Init write here*/  
 137   1      }
 138          
 139          /*****************************************************
 140          *函数名称: SC_TIM2_Init
 141          *函数功能: TIMER2初始化函数
 142          *入口参数：void
 143          *出口参数：void
 144          *****************************************************/
 145          void SC_TIM2_Init(void)
 146          {
 147   1        //Forbid editing areas before the following label !!!
 148   1        /*TIM2_Init write here*/  
 149   1      }
 150          
 151          /*****************************************************
 152          *函数名称: SC_TIM3_Init
 153          *函数功能: TIMER3初始化函数
 154          *入口参数：void
 155          *出口参数：void
 156          *****************************************************/
 157          void SC_TIM3_Init(void)
 158          {
 159   1        //Forbid editing areas before the following label !!!
 160   1        /*TIM3_Init write here*/  
 161   1      }
 162          
 163          /*****************************************************
 164          *函数名称: SC_TIM4_Init
 165          *函数功能: TIMER4初始化函数
 166          *入口参数：void
 167          *出口参数：void
 168          *****************************************************/
 169          void SC_TIM4_Init(void)
 170          {
 171   1        //Forbid editing areas before the following label !!!
 172   1        /*TIM4_Init write here*/  
 173   1      }
 174          
 175          /*****************************************************
 176          *函数名称: SC_PWM_Init
 177          *函数功能: PWM初始化函数
C51 COMPILER V9.59.0.0   SC_INIT                                                           03/20/2024 20:54:38 PAGE 4   

 178          *入口参数：void
 179          *出口参数：void 
 180          *****************************************************/
 181          void SC_PWM_Init(void)
 182          {
 183   1        //Forbid editing areas before the following label !!!
 184   1        /*PWM_Init write here*/ 
 185   1      }
 186          
 187          /*****************************************************
 188          *函数名称: SC_PWM0_Init
 189          *函数功能: PWM0初始化函数
 190          *入口参数：void
 191          *出口参数：void 
 192          *****************************************************/
 193          void SC_PWM0_Init(void)
 194          {
 195   1        //Forbid editing areas before the following label !!!
 196   1        /*PWM0独立模式*/PWM_Init(PWM0_PRESSEL_FHRC_D2,3999);
 197   1        /*PWM02 独立模式*/PWM_IndependentModeConfigEX(PWM02,0, PWM_OUTPUTSTATE_ENABLE);
 198   1        /*PWM0*/PWM_Aligned_Mode_Select(PWM0_Edge_Aligned_Mode);
 199   1        /*PWM0*/PWM_FaultDetectionConfigEX(PWM0_Type,DISABLE);
 200   1        /*PWM0*/PWM_FaultDetectionModeConfigEX(PWM0_Type,PWM0_Immediate_Mode,PWM0_FaultDetectionVoltage_Low,PWM0_
             -WaveFilteringTime_0us);
 201   1        /*PWM0中断使能*/PWM_ITConfigEX(PWM0_Type,DISABLE,LOW);
 202   1        /*PWM0开关*/PWM_CmdEX(PWM0_Type,ENABLE);
 203   1        /*PWM0_Init write here*/  
 204   1      }
 205          
 206          /*****************************************************
 207          *函数名称: SC_PWM1_Init
 208          *函数功能: PWM1初始化函数
 209          *入口参数：void
 210          *出口参数：void 
 211          *****************************************************/
 212          void SC_PWM1_Init(void)
 213          {
 214   1        //Forbid editing areas before the following label !!!
 215   1        /*PWM1_Init write here*/  
 216   1      }
 217          
 218          /*****************************************************
 219          *函数名称: SC_PWM2_Init
 220          *函数功能: PWM1初始化函数
 221          *入口参数：void
 222          *出口参数：void 
 223          *****************************************************/
 224          void SC_PWM2_Init(void)
 225          {
 226   1        //Forbid editing areas before the following label !!!
 227   1        /*PWM2_Init write here*/  
 228   1      }
 229          
 230          /*****************************************************
 231          *函数名称: SC_PWM3_Init
 232          *函数功能: PWM1初始化函数
 233          *入口参数：void
 234          *出口参数：void 
 235          *****************************************************/
 236          void SC_PWM3_Init(void)
 237          {
 238   1        //Forbid editing areas before the following label !!!
C51 COMPILER V9.59.0.0   SC_INIT                                                           03/20/2024 20:54:38 PAGE 5   

 239   1        /*PWM3_Init write here*/  
 240   1      }
 241          
 242          /*****************************************************
 243          *函数名称: SC_PWM4_Init
 244          *函数功能: PWM1初始化函数
 245          *入口参数：void
 246          *出口参数：void 
 247          *****************************************************/
 248          void SC_PWM4_Init(void)
 249          {
 250   1        //Forbid editing areas before the following label !!!
 251   1        /*PWM4_Init write here*/  
 252   1      }
 253          /*****************************************************
 254          *函数名称: SC_INT_Init
 255          *函数功能: INT初始化函数
 256          *入口参数：void
 257          *出口参数：void
 258          *****************************************************/
 259          void SC_INT_Init(void)
 260          {
 261   1        //Forbid editing areas before the following label !!!
 262   1        /*INT_Init write here*/ 
 263   1      }
 264          
 265          /*****************************************************
 266          *函数名称: SC_ADC_Init
 267          *函数功能: ADC初始化函数
 268          *入口参数：void
 269          *出口参数：void 
 270          *****************************************************/
 271          void SC_ADC_Init(void)
 272          {
 273   1        //Forbid editing areas before the following label !!!
 274   1        ADC_Init(ADC_PRESSEL_3CLOCK,ADC_Cycle_Null);
 275   1        /*AIN1口模式设置*/ADC_EAINConfig(ADC_EAIN_1,ENABLE);
 276   1        /*AIN3口模式设置*/ADC_EAINConfig(ADC_EAIN_3,ENABLE);
 277   1        /*AIN6口模式设置*/ADC_EAINConfig(ADC_EAIN_6,ENABLE);
 278   1        /*AIN7口模式设置*/ADC_EAINConfig(ADC_EAIN_7,ENABLE);
 279   1        ADC_ChannelConfig(ADC_CHANNEL_1,ENABLE);
 280   1        ADC_ITConfig(ENABLE,LOW);
 281   1        ADC_Cmd(ENABLE);
 282   1        /*ADC_Init write here*/
 283   1      }
 284          
 285          /*****************************************************
 286          *函数名称: SC_PGA_Init
 287          *函数功能: PGA初始化函数
 288          *入口参数：void
 289          *出口参数：void 
 290          *****************************************************/
 291          void SC_PGA_Init(void)
 292          {
 293   1        //Forbid editing areas before the following label !!!
 294   1        /*PGA_Init write here*/
 295   1      }
 296          
 297          /*****************************************************
 298          *函数名称: SC_IAP_Init
 299          *函数功能: IAP初始化函数
 300          *入口参数：void
C51 COMPILER V9.59.0.0   SC_INIT                                                           03/20/2024 20:54:38 PAGE 6   

 301          *出口参数：void 
 302          *****************************************************/
 303          void SC_IAP_Init(void)
 304          {
 305   1        //Forbid editing areas before the following label !!!
 306   1        /*IAP_Init write here*/   
 307   1      }
 308          
 309          /*****************************************************
 310          *函数名称: SC_USCI0_Init
 311          *函数功能: USCI0初始化函数
 312          *入口参数：void
 313          *出口参数：void
 314          *****************************************************/
 315          void SC_USCI0_Init(void)
 316          {
 317   1        //Forbid editing areas before the following label !!!
 318   1        /*USCI0_Init write here*/   
 319   1      }
 320          
 321          /*****************************************************
 322          *函数名称: SC_USCI1_Init
 323          *函数功能: USCI1初始化函数
 324          *入口参数：void
 325          *出口参数：void
 326          *****************************************************/
 327          void SC_USCI1_Init(void)
 328          {
 329   1        //Forbid editing areas before the following label !!!
 330   1        /*USCI1_Init write here*/   
 331   1      }
 332          
 333          /*****************************************************
 334          *函数名称: SC_USCI2_Init
 335          *函数功能: USCI2初始化函数
 336          *入口参数：void
 337          *出口参数：void
 338          *****************************************************/
 339          void SC_USCI2_Init(void)
 340          {
 341   1        //Forbid editing areas before the following label !!!
 342   1        /*USCI2_Init write here*/   
 343   1      }
 344          
 345          /*****************************************************
 346          *函数名称: SC_USCI3_Init
 347          *函数功能: USCI3初始化函数
 348          *入口参数：void
 349          *出口参数：void
 350          *****************************************************/
 351          void SC_USCI3_Init(void)
 352          {
 353   1        //Forbid editing areas before the following label !!!
 354   1        /*USCI3_Init write here*/   
 355   1      }
 356          
 357          /*****************************************************
 358          *函数名称: SC_USCI4_Init
 359          *函数功能: USCI4初始化函数
 360          *入口参数：void
 361          *出口参数：void
 362          *****************************************************/
C51 COMPILER V9.59.0.0   SC_INIT                                                           03/20/2024 20:54:38 PAGE 7   

 363          void SC_USCI4_Init(void)
 364          {
 365   1        //Forbid editing areas before the following label !!!
 366   1        /*USCI4_Init write here*/   
 367   1      }
 368          
 369          /*****************************************************
 370          *函数名称: SC_USCI5_Init
 371          *函数功能: USCI5初始化函数
 372          *入口参数：void
 373          *出口参数：void
 374          *****************************************************/
 375          void SC_USCI5_Init(void)
 376          {
 377   1        //Forbid editing areas before the following label !!!
 378   1        /*USCI5_Init write here*/   
 379   1      }
 380          
 381          /*****************************************************
 382          *函数名称: SC_SSI_Init
 383          *函数功能: SSI初始化函数
 384          *入口参数：void
 385          *出口参数：void
 386          *****************************************************/
 387          void SC_SSI_Init(void)
 388          {
 389   1        //Forbid editing areas before the following label !!!
 390   1        /*SSI_Init write here*/   
 391   1      }
 392          
 393          /*****************************************************
 394          *函数名称: SC_SSI0_Init
 395          *函数功能: SSI初始化函数
 396          *入口参数：void
 397          *出口参数：void
 398          *****************************************************/
 399          void SC_SSI0_Init(void)
 400          {
 401   1        //Forbid editing areas before the following label !!!
 402   1        /*SSI0_Init write here*/    
 403   1      }
 404          
 405          /*****************************************************
 406          *函数名称: SC_SSI1_Init
 407          *函数功能: SSI初始化函数
 408          *入口参数：void
 409          *出口参数：void
 410          *****************************************************/
 411          void SC_SSI1_Init(void)
 412          {
 413   1        //Forbid editing areas before the following label !!!
 414   1        /*SSI1_Init write here*/    
 415   1      }
 416          
 417          /*****************************************************
 418          *函数名称: SC_BTM_Init
 419          *函数功能: 低频时钟定时器初始化函数
 420          *入口参数：void
 421          *出口参数：void 
 422          *****************************************************/
 423          void SC_BTM_Init(void)
 424          {
C51 COMPILER V9.59.0.0   SC_INIT                                                           03/20/2024 20:54:38 PAGE 8   

 425   1        //Forbid editing areas before the following label !!!
 426   1        /*BTM_Init write here*/   
 427   1      }
 428          
 429          /*****************************************************
 430          *函数名称: SC_CRC_Init
 431          *函数功能: check sum 初始化函数
 432          *入口参数：void
 433          *出口参数：void
 434          *****************************************************/
 435          void SC_CRC_Init(void)
 436          {
 437   1        //Forbid editing areas before the following label !!!
 438   1        /*CRC_Init write here*/ 
 439   1      }
 440          
 441          /*****************************************************
 442          *函数名称: SC_CHKSUM_Init
 443          *函数功能: check sum 初始化函数
 444          *入口参数：void
 445          *出口参数：void
 446          *****************************************************/
 447          void SC_CHKSUM_Init(void)
 448          {
 449   1        //Forbid editing areas before the following label !!!
 450   1        /*CHKSUM_Init write here*/  
 451   1      }
 452          
 453          /*****************************************************
 454          *函数名称: SC_WDT_Init
 455          *函数功能: 看门狗初始化函数
 456          *入口参数：void
 457          *出口参数：void 
 458          *****************************************************/
 459          void SC_WDT_Init(void)
 460          {
 461   1        //Forbid editing areas before the following label !!!
 462   1        WDT_Init(WDT_OverflowTime_500MS);
 463   1        OPTION_WDT_Cmd(ENABLE);
 464   1        /*WDT_Init write here*/   
 465   1      }
 466          
 467          /*****************************************************
 468          *函数名称: SC_PWR_Init
 469          *函数功能: 电源/功耗控制初始化函数
 470          *入口参数：void
 471          *出口参数：void 
 472          *****************************************************/
 473          void SC_PWR_Init(void)
 474          {
 475   1        //Forbid editing areas before the following label !!!
 476   1        /*PWR_Init write here*/   
 477   1      }
 478          /*****************************************************
 479          *函数名称: SC_DDIC_Init
 480          *函数功能: 显示控制初始化函数
 481          *入口参数：void
 482          *出口参数：void 
 483          *****************************************************/
 484          void SC_DDIC_Init(void)
 485          {
 486   1        //Forbid editing areas before the following label !!!
C51 COMPILER V9.59.0.0   SC_INIT                                                           03/20/2024 20:54:38 PAGE 9   

 487   1        /*DDIC_Init write here*/  
 488   1      }
 489          
 490          /*****************************************************
 491          *函数名称: SC_ACMP_Init
 492          *函数功能: 运放初始化函数
 493          *入口参数：void
 494          *出口参数：void 
 495          *****************************************************/
 496          void SC_ACMP_Init(void)
 497          {
 498   1        //Forbid editing areas before the following label !!!
 499   1        /*ACMP_Init write here*/  
 500   1      }
 501          
 502          /*****************************************************
 503          *函数名称: SC_MDU_Init
 504          *函数功能: 乘除法器初始化函数
 505          *入口参数：void
 506          *出口参数：void 
 507          *****************************************************/
 508          void SC_MDU_Init(void)
 509          {
 510   1        //Forbid editing areas before the following label !!!
 511   1        /*MDU_Init write here*/ 
 512   1      }
 513          
 514          /*****************************************************
 515          *函数名称: SC_LPD_Init
 516          *函数功能: LPD初始化函数
 517          *入口参数：void
 518          *出口参数：void 
 519          *****************************************************/
 520          void SC_LPD_Init(void)
 521          {
 522   1        //Forbid editing areas before the following label !!!
 523   1        /*LPD_Init write here*/
 524   1      }


MODULE INFORMATION:   STATIC OVERLAYABLE
   CODE SIZE        =    474    ----
   CONSTANT SIZE    =   ----    ----
   XDATA SIZE       =   ----    ----
   PDATA SIZE       =   ----    ----
   DATA SIZE        =   ----    ----
   IDATA SIZE       =   ----    ----
   BIT SIZE         =   ----    ----
   EDATA SIZE       =   ----    ----
   HDATA SIZE       =   ----    ----
   XDATA CONST SIZE =   ----    ----
   FAR CONST SIZE   =   ----    ----
END OF MODULE INFORMATION.


C51 COMPILATION COMPLETE.  0 WARNING(S),  0 ERROR(S)
