C51 COMPILER V9.59.0.0   SYSFUNVARDEFINE                                                   03/27/2024 21:09:23 PAGE 1   


C51 COMPILER V9.59.0.0, COMPILATION OF MODULE SYSFUNVARDEFINE
OBJECT MODULE PLACED IN ..\Output\SysFunVarDefine.obj
COMPILER INVOKED BY: D:\Keil_v5\C51\BIN\C51.EXE ..\User\SysFunVarDefine.c LARGE OMF2 OPTIMIZE(0,SIZE) BROWSE INTVECTOR(0
                    -X1000) INCDIR(..\FWLib\SC95F_Lib\inc;..\User;..\IOT_DRIVER\XIAOMI;..\Drivers;..\Drivers\TKDriver\C;..\List\..\Apps;..\Ap
                    -ps) DEFINE(SC95F8x1xB) DEBUG PRINT(..\List\SysFunVarDefine.lst) TABS(2) OBJECT(..\Output\SysFunVarDefine.obj)

line level    source

   1          //**********************************************************************
   2          //    CopyRight  (c) 
   3          //    File Name   :   SysFunVarDefine.c
   4          //    Function    :   Store var control and function control define
   5          //    Version     :   V2.0
   6          //    Date        :   2021.04.08
   7          //**********************************************************************
   8          #include "SC_Init.h"
   9          #include "SC_it.h"
  10          #include "..\Drivers\SCDriver_list.h"
  11          #include "HeadFiles\SysFunVarDefine.h"
  12          //**********************************************************************
  13          /**************************************Generated by EasyCodeCube*************************************/
  14          //Forbid editing areas between the labels !!!
  15          
  16          /*************************************.Generated by EasyCodeCube.************************************/


MODULE INFORMATION:   STATIC OVERLAYABLE
   CODE SIZE        =   ----    ----
   CONSTANT SIZE    =   ----    ----
   XDATA SIZE       =   ----    ----
   PDATA SIZE       =   ----    ----
   DATA SIZE        =   ----    ----
   IDATA SIZE       =   ----    ----
   BIT SIZE         =   ----    ----
   EDATA SIZE       =   ----    ----
   HDATA SIZE       =   ----    ----
   XDATA CONST SIZE =   ----    ----
   FAR CONST SIZE   =   ----    ----
END OF MODULE INFORMATION.


C51 COMPILATION COMPLETE.  0 WARNING(S),  0 ERROR(S)
